SF:lib/src/interceptors/auth/session_stream.helper.dart
DA:8,1
DA:9,1
DA:10,1
DA:12,1
DA:16,3
DA:17,2
DA:18,1
DA:19,1
DA:21,1
DA:22,2
DA:23,1
DA:24,1
DA:29,1
LF:13
LH:13
end_of_record
SF:lib/rms/modules/facility_list/resources/facility_list_response.dart
DA:23,0
DA:25,0
DA:27,0
DA:28,0
DA:45,1
DA:47,2
DA:49,2
LF:7
LH:3
end_of_record
SF:lib/shipex/shipex_service.dart
DA:7,3
DA:9,3
DA:14,3
DA:19,3
DA:21,3
DA:22,4
DA:26,1
DA:28,1
LF:8
LH:8
end_of_record
SF:lib/src/libraries/get_storage/app_storage.dart
DA:18,14
DA:20,0
DA:21,0
DA:24,7
DA:25,14
DA:28,0
DA:29,0
DA:32,0
DA:34,0
DA:35,0
DA:36,0
LF:11
LH:3
end_of_record
SF:lib/src/libraries/get_storage/base_storage.dart
DA:8,7
DA:9,28
DA:12,0
DA:13,0
DA:16,0
DA:17,0
DA:20,0
DA:21,0
DA:24,7
DA:25,14
DA:28,0
DA:29,0
DA:32,0
DA:33,0
DA:36,0
DA:37,0
DA:40,0
DA:41,0
LF:18
LH:4
end_of_record
SF:lib/src/libraries/get_storage/qc_storage.dart
DA:15,0
DA:17,0
DA:18,0
DA:21,0
DA:22,0
DA:25,0
DA:26,0
DA:29,0
DA:30,0
DA:33,0
DA:34,0
DA:37,0
DA:38,0
LF:13
LH:0
end_of_record
SF:lib/src/libraries/shared_preferences/app_preferences.dart
DA:6,0
DA:7,21
DA:9,0
DA:11,14
DA:13,0
DA:15,0
DA:17,0
DA:18,0
DA:19,0
DA:22,0
DA:23,0
DA:24,0
LF:12
LH:2
end_of_record
SF:lib/src/modules/login/resources/login_types.dart
DA:16,7
DA:18,35
DA:22,0
DA:24,0
DA:26,0
DA:27,0
DA:28,0
DA:29,0
DA:30,0
DA:31,0
LF:10
LH:2
end_of_record
SF:lib/src/services/qc_service.dart
DA:7,42
DA:9,33
DA:14,39
DA:19,34
DA:21,34
DA:22,37
DA:26,38
DA:28,38
LF:8
LH:8
end_of_record
SF:lib/src/services/rms_service.dart
DA:7,1
DA:9,1
DA:14,1
DA:19,1
DA:21,1
DA:22,2
DA:26,1
DA:28,1
LF:8
LH:8
end_of_record
SF:lib/src/services/trc_service.dart
DA:7,21
DA:9,20
DA:14,20
DA:19,19
DA:21,19
DA:22,20
DA:26,20
DA:28,20
LF:8
LH:8
end_of_record
SF:lib/src/utils/connectivity_util.dart
DA:6,1
DA:7,1
DA:9,3
DA:10,0
DA:11,0
DA:12,0
DA:14,0
DA:16,1
DA:17,1
DA:20,1
LF:10
LH:6
end_of_record
SF:lib/src/utils/media_upload/media_optimiser_utils.dart
DA:14,1
DA:18,3
DA:20,1
DA:21,2
DA:23,0
DA:25,3
DA:27,1
DA:31,0
DA:36,0
DA:38,0
DA:40,0
DA:42,0
DA:44,0
DA:47,0
DA:49,0
DA:50,0
DA:54,0
DA:58,0
DA:59,0
DA:60,0
DA:62,0
DA:64,0
DA:65,0
DA:66,0
DA:67,0
DA:71,0
DA:76,0
DA:77,0
DA:79,0
DA:82,0
DA:83,0
DA:84,0
DA:85,0
DA:86,0
DA:91,0
DA:92,0
DA:94,0
DA:95,0
DA:96,0
DA:97,0
DA:99,0
DA:101,0
DA:102,0
DA:103,0
DA:104,0
DA:105,0
DA:106,0
DA:107,0
DA:108,0
DA:110,0
DA:111,0
DA:112,0
DA:117,0
DA:119,0
DA:120,0
DA:121,0
DA:122,0
DA:124,0
DA:125,0
DA:127,0
DA:128,0
DA:129,0
DA:133,0
DA:135,0
DA:136,0
DA:137,0
DA:138,0
DA:139,0
DA:140,0
DA:141,0
DA:142,0
DA:143,0
DA:144,0
DA:145,0
DA:146,0
DA:147,0
DA:149,0
DA:152,0
DA:153,0
DA:157,0
DA:159,0
LF:81
LH:6
end_of_record
SF:lib/src/utils/media_upload/resource/image_optimiser_service.dart
DA:7,4
DA:9,0
DA:11,0
DA:14,0
DA:16,0
DA:17,0
DA:21,0
LF:7
LH:1
end_of_record
SF:lib/src/utils/media_upload/resource/media_content_type.dart
DA:14,0
DA:15,0
LF:2
LH:0
end_of_record
SF:lib/src/utils/media_upload/resource/media_uploader_service.dart
DA:10,0
DA:12,0
DA:13,0
DA:14,0
DA:18,0
DA:19,0
DA:20,0
DA:22,0
DA:25,0
DA:26,0
DA:30,0
DA:32,0
LF:12
LH:0
end_of_record
SF:lib/src/utils/media_upload/models/presigned_url_response.dart
DA:12,0
DA:17,0
DA:19,0
LF:3
LH:0
end_of_record
SF:lib/src/utils/media_upload/models/media_acknowledge_response.dart
DA:16,0
DA:22,0
DA:24,0
LF:3
LH:0
end_of_record
SF:lib/src/utils/media_upload/models/media_upload_service_type_enum.dart
DA:13,3
DA:15,3
DA:17,3
DA:27,3
DA:29,3
DA:30,0
DA:31,3
DA:32,3
DA:33,0
DA:34,0
LF:10
LH:7
end_of_record
SF:lib/src/utils/media_upload/resource/sso_image_optimiser_service.dart
DA:5,0
DA:7,0
DA:8,0
LF:3
LH:0
end_of_record
SF:lib/src/utils/media_upload/providers/image_upload_provider.dart
DA:16,2
DA:18,2
DA:19,2
DA:22,0
DA:23,0
DA:24,0
DA:25,0
DA:28,0
DA:29,0
DA:30,0
DA:31,0
DA:32,0
DA:33,0
DA:34,0
DA:35,0
DA:37,0
DA:39,0
DA:40,0
DA:41,0
DA:42,0
DA:43,0
DA:45,0
DA:48,1
DA:49,1
DA:50,1
LF:25
LH:6
end_of_record
SF:lib/src/utils/media_upload/providers/media_upload_service_init_provider.dart
DA:9,3
DA:10,3
DA:13,3
DA:14,6
DA:15,3
DA:16,9
LF:6
LH:6
end_of_record
SF:lib/src/common/utils/video_util.dart
DA:10,0
DA:13,0
DA:20,0
DA:21,0
DA:22,0
DA:23,0
DA:24,0
DA:25,0
DA:29,0
DA:31,0
DA:32,0
DA:33,0
DA:34,0
DA:35,0
DA:41,0
DA:44,0
DA:47,0
DA:48,0
DA:50,0
DA:53,0
DA:54,0
DA:57,0
DA:58,0
DA:61,0
DA:63,0
LF:25
LH:0
end_of_record
SF:lib/src/common/video_config/video_optimizer_config.dart
DA:16,1
DA:27,2
DA:29,2
LF:3
LH:3
end_of_record
SF:lib/src/libraries/firebase/remote_config_helper.dart
DA:34,3
DA:36,1
DA:37,1
DA:40,1
DA:44,0
DA:45,0
DA:46,0
DA:50,0
DA:53,0
DA:55,0
DA:57,0
DA:60,0
DA:61,0
DA:62,0
DA:65,0
DA:66,0
DA:68,0
DA:70,0
DA:73,0
DA:76,0
DA:79,0
DA:80,0
DA:83,0
DA:84,0
DA:87,0
DA:88,0
DA:91,0
DA:92,0
LF:28
LH:4
end_of_record
SF:lib/src/common/video_compression_mixin.dart
DA:8,0
DA:9,0
DA:11,0
DA:12,0
DA:13,0
DA:14,0
DA:15,0
DA:16,0
DA:17,0
DA:19,0
DA:24,0
DA:25,0
DA:32,0
DA:33,0
DA:34,0
DA:35,0
DA:38,0
DA:40,0
DA:42,0
DA:44,0
DA:45,0
DA:48,0
DA:51,0
DA:52,0
DA:53,0
DA:54,0
DA:55,0
DA:56,0
DA:59,0
DA:60,0
DA:62,0
DA:63,0
DA:65,0
DA:67,0
DA:68,0
DA:70,0
DA:71,0
DA:72,0
DA:73,0
DA:74,0
DA:86,0
DA:88,0
DA:90,0
DA:91,0
DA:93,0
DA:94,0
DA:96,0
DA:100,0
DA:103,0
DA:105,0
LF:50
LH:0
end_of_record
SF:lib/src/utils/media_upload/providers/video_upload_provider.dart
DA:25,1
DA:26,1
DA:29,1
DA:30,2
DA:32,0
DA:33,0
DA:35,0
DA:37,0
DA:38,0
DA:39,0
DA:42,0
DA:48,0
DA:49,0
DA:50,0
DA:51,0
DA:52,0
DA:53,0
DA:54,0
DA:56,0
DA:58,0
DA:59,0
DA:60,0
DA:61,0
DA:62,0
DA:63,0
DA:65,0
DA:68,0
DA:69,0
DA:70,0
DA:71,0
DA:74,0
DA:75,0
DA:76,0
DA:77,0
DA:78,0
DA:79,0
DA:81,0
DA:83,0
DA:86,0
DA:87,0
DA:89,0
DA:97,0
DA:98,0
DA:99,0
DA:100,0
DA:101,0
LF:46
LH:4
end_of_record
SF:lib/qc/modules/d2c_video/components/d2c_video_component.dart
DA:23,0
DA:25,0
DA:27,0
DA:28,0
DA:29,0
DA:35,2
LF:6
LH:1
end_of_record
SF:lib/qc/modules/d2c_video/providers/d2c_video_provider.dart
DA:27,2
DA:29,4
DA:31,4
DA:33,4
DA:35,1
DA:36,1
DA:39,0
DA:40,0
DA:43,0
DA:44,0
DA:46,0
DA:47,0
DA:48,0
DA:49,0
DA:50,0
DA:51,0
DA:54,0
DA:55,0
DA:57,0
DA:58,0
DA:60,0
DA:63,0
DA:64,0
DA:65,0
DA:66,0
DA:67,0
DA:68,0
DA:72,0
DA:73,0
DA:74,0
DA:77,0
DA:78,0
DA:79,0
DA:80,0
DA:81,0
DA:83,0
DA:86,0
DA:87,0
DA:88,0
DA:89,0
DA:90,0
DA:91,0
DA:93,0
DA:96,0
DA:97,0
DA:98,0
DA:99,0
DA:100,0
DA:101,0
DA:102,0
DA:103,0
DA:104,0
DA:107,0
DA:110,2
DA:112,4
DA:113,4
DA:114,2
LF:57
LH:10
end_of_record
SF:lib/qc/modules/d2c_video/widgets/d2c_video_widget.dart
DA:11,5
DA:13,1
DA:14,1
DA:20,0
DA:22,0
DA:23,0
DA:24,0
DA:25,0
DA:26,0
DA:28,0
DA:29,0
DA:30,0
DA:34,0
DA:37,0
DA:38,0
DA:39,0
DA:41,0
DA:46,0
DA:48,0
DA:49,0
DA:51,0
DA:52,0
DA:53,0
DA:54,0
DA:55,0
DA:58,0
DA:59,0
DA:60,0
DA:65,0
DA:66,0
DA:67,0
DA:69,0
DA:70,0
DA:71,0
DA:72,0
DA:73,0
DA:74,0
DA:76,0
DA:80,0
DA:82,0
DA:83,0
DA:84,0
DA:86,0
DA:87,0
DA:90,0
DA:91,0
DA:94,0
DA:95,0
DA:98,0
DA:99,0
DA:102,0
DA:103,0
DA:106,0
DA:109,0
DA:110,0
DA:111,0
DA:112,0
DA:116,0
DA:117,0
DA:120,0
DA:121,0
DA:122,0
DA:124,0
DA:126,0
DA:127,0
DA:129,0
DA:132,0
DA:134,0
DA:135,0
DA:136,0
DA:137,0
DA:138,0
DA:139,0
DA:140,0
DA:142,0
DA:143,0
DA:144,0
DA:145,0
DA:158,0
DA:159,0
DA:160,0
DA:161,0
DA:165,0
DA:166,0
DA:169,0
DA:170,0
DA:171,0
DA:173,0
DA:175,0
DA:177,0
DA:178,0
DA:189,0
DA:190,0
DA:191,0
DA:195,0
DA:196,0
DA:199,0
DA:200,0
DA:201,0
DA:203,0
DA:205,0
DA:206,0
DA:207,0
DA:208,0
DA:209,0
DA:210,0
DA:223,0
DA:224,0
DA:225,0
DA:226,0
DA:230,0
DA:231,0
DA:234,0
DA:235,0
DA:236,0
DA:238,0
DA:240,0
DA:241,0
DA:252,0
DA:253,0
DA:254,0
DA:255,0
DA:256,0
DA:257,0
DA:258,0
DA:261,0
DA:263,0
DA:264,0
DA:266,0
DA:267,0
DA:268,0
DA:269,0
DA:270,0
DA:280,0
DA:281,0
DA:282,0
DA:283,0
DA:284,0
DA:285,0
DA:286,0
DA:289,0
DA:290,0
DA:292,0
DA:293,0
DA:296,0
DA:298,0
DA:299,0
DA:301,0
DA:302,0
DA:303,0
DA:304,0
DA:305,0
DA:317,0
DA:318,0
DA:319,0
DA:320,0
DA:321,0
DA:322,0
DA:323,0
DA:324,0
DA:326,0
DA:327,0
DA:328,0
LF:163
LH:3
end_of_record
SF:lib/src/app_builder/app_headers/general_app_header/models/none_config_model.dart
DA:10,13
DA:12,8
LF:2
LH:2
end_of_record
SF:lib/src/common/model/device_barcode_param_model.dart
DA:8,1
LF:1
LH:1
end_of_record
SF:lib/qc/modules/d2c_video/components/d2c_video_home_component.dart
DA:22,0
DA:24,1
DA:26,1
DA:27,1
DA:28,1
DA:29,1
DA:33,1
DA:34,1
DA:35,1
DA:36,0
DA:37,0
DA:39,0
DA:40,0
DA:41,0
DA:46,1
DA:47,1
DA:48,1
DA:49,1
DA:57,2
LF:19
LH:13
end_of_record
SF:lib/qc/modules/d2c_video/screens/d2c_lot_listing_screen.dart
DA:17,5
DA:19,0
DA:21,0
DA:22,0
DA:23,0
DA:24,0
DA:25,0
DA:26,0
DA:27,0
DA:29,0
DA:40,0
DA:42,0
DA:44,0
DA:45,0
DA:46,0
DA:47,0
DA:48,0
DA:49,0
DA:51,0
DA:52,0
DA:56,0
DA:57,0
DA:58,0
DA:59,0
DA:61,0
DA:64,0
DA:65,0
DA:69,0
DA:74,0
DA:75,0
DA:76,0
DA:77,0
DA:78,0
DA:80,0
DA:81,0
DA:82,0
DA:84,0
DA:89,0
LF:38
LH:1
end_of_record
SF:lib/qc/modules/d2c_video/screens/d2c_video_screen.dart
DA:12,4
DA:14,2
DA:15,6
DA:24,5
DA:26,1
DA:28,1
DA:29,2
DA:32,1
DA:33,2
DA:36,1
DA:37,2
LF:11
LH:11
end_of_record
SF:lib/src/common/utils/csh_ml_scanner_util.dart
DA:9,0
DA:11,0
DA:13,0
DA:14,0
DA:17,0
DA:27,0
DA:33,0
DA:34,0
DA:35,0
DA:39,0
DA:40,0
DA:41,0
LF:12
LH:0
end_of_record
SF:lib/src/common/searchable.dart
DA:4,28
DA:6,13
DA:7,13
LF:3
LH:3
end_of_record
SF:lib/qc/modules/d2c_video/providers/d2c_lot_device_listing_provider.dart
DA:15,1
DA:19,2
DA:20,2
DA:23,3
DA:24,1
DA:25,1
DA:26,0
DA:27,0
DA:29,1
DA:31,1
DA:32,1
DA:35,0
DA:36,0
DA:37,0
DA:38,0
DA:39,0
DA:40,0
DA:42,0
DA:45,0
DA:46,0
DA:49,0
DA:52,0
DA:53,0
DA:54,0
DA:55,0
DA:56,0
DA:57,0
DA:60,0
LF:28
LH:9
end_of_record
SF:lib/qc/modules/d2c_video/resources/d2c_lot_device_list_response.dart
DA:12,1
DA:14,2
DA:16,1
DA:17,1
DA:25,4
DA:27,6
DA:29,4
LF:7
LH:7
end_of_record
SF:lib/qc/modules/d2c_video/resources/d2c_video_service.dart
DA:9,1
DA:10,1
DA:13,4
DA:16,1
DA:17,3
DA:20,1
DA:21,1
DA:22,2
DA:25,1
DA:26,1
DA:27,3
LF:11
LH:11
end_of_record
SF:lib/qc/modules/d2c_video/providers/d2c_lot_listing_provider.dart
DA:14,2
DA:15,2
DA:18,3
DA:19,1
DA:20,1
DA:21,0
DA:22,0
DA:24,1
DA:26,1
DA:27,1
LF:10
LH:8
end_of_record
SF:lib/qc/modules/d2c_video/resources/d2c_lot_list_response.dart
DA:11,1
DA:13,2
DA:15,1
DA:16,1
DA:33,4
DA:35,4
DA:37,2
LF:7
LH:7
end_of_record
SF:lib/qc/modules/d2c_video/resources/d2c_device_detail_response.dart
DA:11,2
DA:13,4
DA:15,2
DA:16,2
DA:27,6
DA:29,4
LF:6
LH:6
end_of_record
SF:lib/src/common/model/new_base_action_response.dart
DA:20,2
DA:22,2
DA:24,1
DA:25,1
LF:4
LH:4
end_of_record
SF:lib/qc/modules/d2c_video/screens/d2c_lot_device_listing_screen.dart
DA:15,0
DA:17,0
DA:18,0
DA:19,0
DA:24,0
DA:25,0
DA:26,0
DA:27,0
DA:29,0
DA:35,5
DA:37,0
DA:39,0
DA:40,0
DA:41,0
DA:42,0
DA:43,0
DA:44,0
DA:45,0
DA:46,0
DA:47,0
DA:48,0
DA:49,0
DA:51,0
DA:52,0
DA:64,5
DA:66,0
DA:68,0
DA:69,0
DA:70,0
DA:71,0
DA:73,0
DA:74,0
DA:76,0
DA:78,0
DA:79,0
DA:83,0
DA:84,0
DA:85,0
DA:86,0
DA:88,0
DA:91,0
DA:92,0
DA:93,0
DA:95,0
DA:97,0
DA:98,0
DA:99,0
DA:100,0
DA:101,0
DA:102,0
DA:103,0
DA:104,0
DA:106,0
DA:107,0
DA:108,0
DA:109,0
DA:110,0
DA:111,0
DA:120,0
DA:121,0
DA:122,0
DA:124,0
DA:125,0
DA:126,0
DA:127,0
DA:128,0
DA:129,0
DA:130,0
DA:131,0
DA:133,0
DA:134,0
DA:135,0
DA:136,0
LF:73
LH:2
end_of_record
SF:lib/src/app_builder/app_headers/qc_general_header/widgets/qc_general_header.dart
DA:19,5
DA:28,5
DA:30,1
DA:32,1
DA:33,1
DA:34,0
DA:39,0
DA:41,0
DA:53,2
DA:54,2
DA:55,2
DA:57,1
DA:58,1
DA:59,1
DA:60,1
DA:62,1
DA:106,1
LF:17
LH:14
end_of_record
SF:lib/src/common/widgets/search_with_scanner_widget.dart
DA:12,1
DA:14,1
DA:15,1
DA:22,1
DA:24,4
DA:25,1
DA:28,1
DA:30,1
DA:31,2
DA:32,1
DA:33,1
DA:35,0
DA:36,0
DA:37,0
DA:38,0
DA:39,0
DA:43,0
DA:44,0
DA:45,0
DA:47,0
DA:48,0
LF:21
LH:11
end_of_record
SF:lib/src/common/widgets/shimmer_list_widget.dart
DA:13,5
DA:20,5
DA:22,2
DA:24,2
DA:25,2
DA:26,6
DA:28,16
DA:30,4
DA:31,1
DA:33,2
DA:35,2
DA:36,2
DA:37,2
DA:38,2
DA:39,2
DA:40,2
DA:41,2
DA:45,4
LF:18
LH:18
end_of_record
SF:lib/src/common/widgets/my_search_bar_widget.dart
DA:14,0
DA:25,0
DA:26,0
DA:34,0
DA:36,0
DA:37,0
DA:38,0
DA:40,0
DA:41,0
DA:44,0
DA:45,0
DA:46,0
DA:47,0
DA:48,0
DA:51,0
DA:52,0
DA:54,0
DA:55,0
DA:56,0
DA:57,0
DA:58,0
DA:64,0
DA:65,0
DA:68,0
DA:70,0
DA:71,0
DA:72,0
LF:27
LH:0
end_of_record
SF:lib/qc/modules/d2c_video/screens/d2c_video_home_screen.dart
DA:13,5
DA:15,1
LF:2
LH:2
end_of_record
SF:lib/qc/modules/data_wipe/components/data_wipe_detail_component.dart
DA:22,0
DA:24,0
DA:26,0
DA:27,0
DA:28,0
DA:29,0
DA:36,2
LF:7
LH:1
end_of_record
SF:lib/qc/modules/data_wipe/providers/data_wipe_detail_provider.dart
DA:24,2
DA:26,2
DA:28,1
DA:29,1
DA:32,1
DA:33,3
DA:36,1
DA:37,1
DA:40,2
DA:42,1
DA:43,1
DA:44,1
DA:47,1
DA:48,2
DA:50,0
DA:51,0
DA:52,0
DA:53,0
DA:55,1
DA:56,2
DA:60,0
DA:61,0
DA:62,0
DA:63,0
DA:64,0
DA:65,0
DA:66,0
DA:67,0
DA:68,0
DA:70,0
DA:72,0
DA:73,0
DA:74,0
DA:75,0
DA:76,0
DA:77,0
DA:81,0
DA:82,0
DA:83,0
DA:84,0
DA:85,0
DA:86,0
DA:87,0
DA:88,0
DA:89,0
DA:91,0
DA:94,0
DA:95,0
DA:96,0
DA:97,0
DA:98,0
DA:99,0
DA:100,0
DA:101,0
DA:102,0
DA:103,0
DA:105,0
DA:108,0
DA:109,0
DA:110,0
DA:111,0
DA:112,0
DA:113,0
DA:114,0
DA:116,0
DA:119,1
DA:120,4
LF:67
LH:18
end_of_record
SF:lib/qc/modules/data_wipe/widgets/data_wipe_detail_widget.dart
DA:21,5
DA:23,1
DA:24,1
DA:32,0
DA:34,0
DA:35,0
DA:38,0
DA:39,0
DA:40,0
DA:42,0
DA:43,0
DA:47,0
DA:49,0
DA:50,0
DA:51,0
DA:55,0
DA:57,0
DA:58,0
DA:59,0
DA:61,0
DA:63,0
DA:64,0
DA:65,0
DA:67,0
DA:68,0
DA:70,0
DA:71,0
DA:72,0
DA:73,0
DA:74,0
DA:75,0
DA:76,0
DA:78,0
DA:79,0
DA:81,0
DA:83,0
DA:84,0
DA:85,0
DA:86,0
DA:87,0
DA:88,0
DA:89,0
DA:90,0
DA:91,0
DA:92,0
DA:93,0
DA:104,0
DA:105,0
DA:107,0
DA:108,0
DA:109,0
DA:110,0
DA:114,0
DA:115,0
DA:116,0
DA:118,0
DA:119,0
DA:120,0
DA:121,0
DA:125,0
DA:127,0
DA:128,0
DA:130,0
DA:131,0
DA:135,0
DA:136,0
DA:138,0
DA:139,0
DA:140,0
DA:148,0
DA:149,0
DA:150,0
DA:151,0
DA:152,0
DA:153,0
DA:154,0
DA:156,0
DA:157,0
DA:158,0
DA:159,0
DA:164,0
DA:166,0
DA:167,0
DA:168,0
DA:169,0
DA:170,0
DA:173,0
DA:174,0
DA:177,0
DA:178,0
DA:179,0
DA:186,0
DA:187,0
DA:188,0
DA:189,0
DA:190,0
DA:191,0
DA:195,0
DA:196,0
DA:197,0
DA:199,0
DA:200,0
DA:201,0
DA:203,0
DA:204,0
DA:205,0
DA:207,0
DA:208,0
DA:209,0
DA:210,0
DA:212,0
DA:217,0
DA:218,0
DA:219,0
DA:222,0
DA:223,0
DA:224,0
DA:225,0
DA:226,0
DA:228,0
DA:229,0
DA:230,0
DA:232,0
DA:233,0
DA:234,0
DA:240,0
DA:241,0
DA:242,0
DA:243,0
DA:244,0
DA:245,0
DA:250,0
DA:251,0
DA:252,0
DA:253,0
DA:254,0
DA:255,0
DA:256,0
DA:257,0
DA:261,0
DA:262,0
DA:263,0
DA:264,0
DA:265,0
DA:266,0
DA:267,0
DA:268,0
DA:269,0
DA:273,0
DA:274,0
DA:275,0
DA:276,0
DA:277,0
DA:279,0
DA:281,0
DA:283,0
DA:285,0
DA:286,0
DA:288,0
DA:290,0
DA:291,0
DA:292,0
DA:294,0
DA:295,0
DA:296,0
DA:298,0
DA:299,0
DA:300,0
DA:301,0
DA:302,0
DA:303,0
DA:314,0
DA:315,0
DA:316,0
DA:317,0
DA:319,0
DA:321,0
DA:322,0
DA:323,0
DA:324,0
DA:325,0
DA:326,0
DA:327,0
DA:329,0
DA:330,0
DA:332,0
DA:337,0
DA:338,0
DA:340,0
DA:343,0
DA:344,0
DA:345,0
DA:346,0
DA:347,0
DA:351,0
DA:352,0
DA:353,0
DA:354,0
DA:355,0
DA:356,0
DA:357,0
DA:358,0
DA:359,0
DA:360,0
DA:361,0
DA:362,0
DA:373,0
DA:374,0
DA:378,0
DA:382,0
DA:389,0
DA:390,0
DA:394,0
DA:398,0
LF:214
LH:3
end_of_record
SF:lib/qc/modules/data_wipe/components/data_wipe_list_component.dart
DA:19,0
DA:21,1
DA:23,1
DA:24,0
DA:29,2
LF:5
LH:3
end_of_record
SF:lib/qc/modules/data_wipe/providers/data_wipe_list_provider.dart
DA:14,0
DA:15,0
DA:18,4
DA:20,1
DA:21,3
DA:22,4
DA:26,0
DA:28,0
DA:29,0
DA:30,0
DA:32,0
LF:11
LH:4
end_of_record
SF:lib/qc/modules/data_wipe/widgets/data_wipe_list_widget.dart
DA:16,5
DA:18,1
DA:19,1
DA:26,0
DA:28,0
DA:29,0
DA:31,0
DA:32,0
DA:37,0
DA:38,0
DA:39,0
DA:49,0
DA:57,0
DA:58,0
DA:59,0
DA:61,0
DA:62,0
DA:63,0
DA:68,0
DA:76,0
DA:77,0
DA:78,0
DA:80,0
DA:81,0
DA:82,0
DA:90,0
DA:92,0
DA:93,0
DA:94,0
DA:95,0
DA:96,0
DA:97,0
DA:98,0
DA:99,0
DA:100,0
DA:107,0
DA:109,0
DA:110,0
DA:111,0
DA:112,0
DA:115,0
DA:116,0
DA:117,0
DA:118,0
DA:119,0
DA:120,0
DA:121,0
DA:127,0
DA:128,0
DA:129,0
DA:130,0
DA:132,0
DA:133,0
DA:135,0
DA:136,0
DA:143,0
DA:144,0
DA:147,0
DA:148,0
DA:149,0
DA:150,0
DA:154,0
DA:155,0
DA:156,0
DA:157,0
DA:158,0
DA:159,0
DA:160,0
DA:161,0
DA:162,0
DA:163,0
DA:164,0
DA:165,0
DA:166,0
LF:74
LH:3
end_of_record
SF:lib/qc/modules/data_wipe/dialog/show_bulk_erase_initiate_dialog.dart
DA:5,1
DA:7,1
DA:8,1
DA:11,1
DA:14,1
DA:21,1
DA:24,1
DA:25,1
DA:26,1
DA:27,0
DA:28,1
DA:30,1
DA:31,1
DA:33,2
DA:37,1
DA:40,1
LF:16
LH:15
end_of_record
SF:lib/qc/modules/data_wipe/resources/data_wipe_filter_list_response.dart
DA:11,4
DA:13,4
DA:17,4
DA:18,4
DA:19,4
DA:23,8
DA:24,2
DA:26,4
DA:28,4
DA:29,4
DA:32,8
DA:33,4
DA:34,13
DA:35,4
DA:36,6
DA:37,3
DA:38,3
DA:39,6
DA:48,2
DA:50,2
DA:51,2
DA:52,2
DA:55,2
DA:56,6
DA:57,4
DA:75,8
DA:77,4
DA:91,16
DA:93,6
DA:95,3
DA:97,3
DA:98,9
DA:103,2
DA:104,8
LF:34
LH:34
end_of_record
SF:lib/qc/modules/data_wipe/dialog/show_imei_status_dialog.dart
DA:9,1
DA:18,1
DA:19,1
DA:20,1
DA:22,0
DA:24,0
DA:25,0
DA:28,0
DA:30,0
DA:32,0
DA:33,0
DA:35,0
DA:36,0
DA:37,0
DA:38,0
DA:39,0
DA:43,0
DA:47,0
DA:48,0
DA:49,0
DA:50,0
DA:53,0
DA:54,0
DA:55,0
DA:59,0
DA:60,0
DA:61,0
DA:62,0
DA:65,0
DA:67,0
DA:68,0
DA:69,0
DA:70,0
DA:71,0
DA:72,0
DA:73,0
DA:74,0
DA:78,0
DA:79,0
DA:80,0
DA:81,0
DA:82,0
DA:83,0
DA:89,0
DA:90,0
DA:91,0
DA:92,0
DA:93,0
DA:94,0
DA:95,0
DA:97,0
DA:98,0
DA:100,0
DA:101,0
DA:102,0
DA:103,0
DA:104,0
DA:105,0
DA:106,0
DA:107,0
DA:108,0
DA:109,0
DA:110,0
DA:114,0
DA:115,0
DA:116,0
DA:117,0
DA:118,0
DA:119,0
DA:127,0
DA:128,0
DA:129,0
DA:130,0
DA:131,0
DA:132,0
DA:134,0
DA:135,0
DA:137,0
DA:138,0
DA:139,0
DA:141,0
DA:142,0
LF:82
LH:4
end_of_record
SF:lib/src/utils/image_assest_helper.dart
DA:5,0
DA:6,0
DA:9,0
DA:10,0
LF:4
LH:0
end_of_record
SF:lib/qc/modules/data_wipe/dialog/show_serial_no_status_dialog.dart
DA:9,1
DA:18,1
DA:19,1
DA:20,1
DA:22,0
DA:24,0
DA:25,0
DA:28,0
DA:30,0
DA:32,0
DA:33,0
DA:35,0
DA:36,0
DA:37,0
DA:38,0
DA:39,0
DA:43,0
DA:47,0
DA:48,0
DA:49,0
DA:50,0
DA:53,0
DA:54,0
DA:55,0
DA:59,0
DA:60,0
DA:61,0
DA:62,0
DA:65,0
DA:67,0
DA:68,0
DA:69,0
DA:70,0
DA:71,0
DA:75,0
DA:76,0
DA:77,0
DA:78,0
DA:79,0
DA:80,0
DA:81,0
DA:83,0
DA:84,0
DA:86,0
DA:87,0
DA:88,0
DA:89,0
DA:90,0
DA:91,0
DA:92,0
DA:93,0
DA:99,0
DA:100,0
DA:101,0
DA:102,0
DA:103,0
DA:104,0
DA:106,0
DA:107,0
DA:109,0
DA:110,0
DA:111,0
DA:113,0
DA:114,0
LF:64
LH:4
end_of_record
SF:lib/qc/modules/data_wipe/resources/data_wipe_list_response.dart
DA:11,1
DA:13,2
DA:15,1
DA:16,1
DA:57,4
DA:72,6
DA:74,2
LF:7
LH:7
end_of_record
SF:lib/qc/modules/data_wipe/resources/data_wipe_service.dart
DA:12,1
DA:13,3
DA:16,1
DA:17,2
DA:19,2
DA:23,3
DA:24,6
DA:27,2
DA:28,4
DA:31,1
DA:32,1
DA:33,3
DA:36,1
DA:42,1
DA:43,2
DA:44,2
DA:45,2
DA:47,1
DA:48,3
DA:51,1
DA:52,1
DA:53,1
DA:54,2
LF:23
LH:23
end_of_record
SF:lib/qc/modules/data_wipe/resources/data_wipe_smart_watch_action_response.dart
DA:11,1
DA:13,1
DA:14,1
DA:16,3
DA:17,1
DA:21,2
DA:22,1
DA:24,1
DA:25,1
DA:26,1
DA:29,5
DA:33,1
DA:35,1
DA:36,1
DA:37,1
DA:39,1
DA:40,3
DA:41,1
DA:47,1
DA:48,1
DA:49,1
DA:50,8
DA:60,1
LF:23
LH:23
end_of_record
SF:lib/src/common/model/base_action_response.dart
DA:19,4
DA:21,2
DA:23,2
DA:25,2
DA:26,3
DA:27,1
DA:29,2
DA:30,3
DA:31,2
DA:32,2
DA:34,1
DA:35,1
LF:12
LH:12
end_of_record
SF:lib/src/services/qc_erazer_service.dart
DA:6,5
DA:11,5
DA:13,5
DA:14,6
LF:4
LH:4
end_of_record
SF:lib/qc/modules/data_wipe/resources/data_wipe_status.dart
DA:6,2
DA:7,2
DA:9,2
LF:3
LH:3
end_of_record
SF:lib/qc/modules/data_wipe/screens/data_wipe_detail_screen.dart
DA:12,4
DA:14,2
DA:15,2
DA:16,4
DA:30,5
DA:32,1
DA:34,1
DA:35,2
DA:38,2
DA:39,2
DA:41,4
DA:43,4
LF:12
LH:12
end_of_record
SF:lib/qc/modules/data_wipe/screens/data_wipe_home_screen.dart
DA:12,5
DA:14,0
DA:16,0
DA:17,0
DA:18,0
DA:19,0
DA:21,0
DA:24,0
DA:25,0
DA:26,0
DA:27,0
DA:28,0
DA:30,0
DA:31,0
DA:32,0
DA:38,0
DA:39,0
DA:40,0
DA:41,0
LF:19
LH:1
end_of_record
SF:lib/qc/modules/data_wipe/screens/data_wipe_list_screen.dart
DA:13,5
DA:15,1
LF:2
LH:2
end_of_record
SF:lib/qc/modules/data_wipe/widgets/data_wipe_card_widget.dart
DA:15,0
DA:19,0
DA:21,0
DA:22,0
DA:23,0
DA:24,0
DA:26,0
DA:27,0
DA:28,0
DA:29,0
DA:30,0
DA:32,0
DA:33,0
DA:35,0
DA:39,0
DA:40,0
DA:41,0
DA:43,0
DA:51,0
DA:52,0
DA:53,0
DA:54,0
DA:57,0
DA:59,0
DA:66,0
DA:67,0
DA:70,0
DA:71,0
DA:72,0
DA:73,0
DA:75,0
DA:77,0
DA:79,0
DA:80,0
DA:81,0
DA:83,0
LF:36
LH:0
end_of_record
SF:lib/src/utils/dotted_divider_line.dart
DA:11,5
DA:19,1
DA:21,1
DA:23,1
DA:24,1
DA:25,1
DA:26,1
DA:27,1
DA:28,4
DA:29,1
DA:32,1
DA:34,1
DA:35,1
DA:36,1
DA:38,1
DA:39,3
DA:49,1
DA:50,1
DA:51,1
DA:52,1
DA:53,4
DA:54,1
DA:57,1
DA:59,1
DA:60,1
DA:62,1
DA:63,1
DA:64,3
LF:28
LH:28
end_of_record
SF:lib/qc/modules/data_wipe/widgets/data_wipe_status_card.dart
DA:10,1
DA:12,0
DA:14,0
DA:15,0
DA:16,0
DA:17,0
DA:19,0
DA:21,0
DA:27,0
DA:28,0
DA:30,0
DA:31,0
DA:32,0
DA:33,0
DA:34,0
DA:35,0
DA:36,0
DA:38,0
DA:39,0
DA:42,0
DA:47,0
DA:48,0
DA:49,0
DA:51,0
DA:52,0
DA:55,0
LF:26
LH:1
end_of_record
SF:lib/qc/modules/qc_tester/lob_devices/dialogs/show_manul_enter_serial_dialog.dart
DA:4,0
DA:13,0
DA:15,0
DA:16,0
DA:17,0
DA:18,0
DA:19,0
DA:20,0
DA:23,0
DA:24,0
DA:25,0
DA:27,0
DA:29,0
DA:30,0
DA:33,0
DA:39,0
DA:40,0
DA:44,0
DA:45,0
DA:46,0
DA:48,0
DA:49,0
DA:50,0
DA:53,0
LF:24
LH:0
end_of_record
SF:lib/src/common/widgets/imei_scanner.dart
DA:15,0
DA:17,0
DA:18,0
DA:24,0
DA:26,0
DA:27,0
DA:28,0
DA:29,0
DA:31,0
DA:35,0
DA:37,0
DA:39,0
DA:40,0
DA:41,0
DA:42,0
DA:43,0
DA:44,0
DA:48,0
DA:49,0
DA:51,0
DA:58,0
DA:60,0
DA:61,0
LF:23
LH:0
end_of_record
SF:lib/qc/modules/dead_repair/components/device_dead_accept_reject_component.dart
DA:23,0
DA:25,0
DA:27,0
DA:28,0
DA:29,0
DA:30,0
DA:31,0
DA:36,2
LF:8
LH:1
end_of_record
SF:lib/qc/modules/dead_repair/components/device_dead_component.dart
DA:20,0
DA:22,1
DA:24,1
DA:27,2
LF:4
LH:3
end_of_record
SF:lib/qc/modules/dead_repair/components/reason_selection_component.dart
DA:24,0
DA:26,0
DA:28,0
DA:29,0
DA:30,0
DA:31,0
DA:35,0
DA:36,0
DA:37,0
DA:41,0
DA:42,0
DA:43,0
DA:44,0
DA:45,0
DA:50,2
LF:15
LH:1
end_of_record
SF:lib/qc/modules/dead_repair/models/device_dead_accept_reject_comp_params.dart
DA:17,1
LF:1
LH:1
end_of_record
SF:lib/qc/modules/dead_repair/models/reason_selection_comp_params.dart
DA:20,1
LF:1
LH:1
end_of_record
SF:lib/qc/modules/dead_repair/providers/dead_device_accept_reject_provider.dart
DA:24,1
DA:25,2
DA:26,2
DA:27,2
DA:28,1
DA:29,1
DA:30,1
DA:31,1
DA:33,2
DA:34,2
DA:35,1
DA:40,0
DA:41,0
DA:44,2
DA:46,2
DA:48,1
DA:49,2
DA:50,1
DA:51,1
DA:55,1
DA:56,3
DA:58,1
DA:59,1
DA:61,1
DA:62,2
DA:63,0
DA:64,0
DA:65,0
DA:66,1
DA:67,1
DA:68,2
DA:69,3
DA:70,1
DA:74,1
DA:75,2
DA:76,1
DA:79,1
DA:80,2
DA:81,1
DA:84,1
DA:85,5
DA:86,2
DA:87,3
DA:89,1
DA:90,1
DA:94,1
DA:95,1
DA:97,1
DA:99,1
DA:100,1
DA:103,1
DA:104,5
DA:108,1
DA:109,5
DA:110,4
LF:55
LH:50
end_of_record
SF:lib/src/common/resources/device_dead_repair_reason_list_response.dart
DA:19,2
DA:21,4
DA:23,4
DA:25,2
DA:26,4
LF:5
LH:5
end_of_record
SF:lib/src/common/resources/device_mark_response.dart
DA:19,1
DA:26,2
DA:28,2
DA:30,1
DA:31,2
LF:5
LH:5
end_of_record
SF:lib/qc/modules/dead_repair/providers/dead_device_provider.dart
DA:13,1
DA:15,0
DA:16,0
DA:19,0
DA:20,0
DA:21,0
DA:22,0
DA:23,0
DA:25,0
DA:27,0
DA:28,0
DA:29,0
DA:30,0
DA:31,0
DA:32,0
DA:35,0
DA:38,0
DA:39,0
DA:40,0
DA:41,0
DA:42,0
DA:43,0
DA:44,0
DA:45,0
DA:46,0
DA:47,0
DA:50,0
LF:27
LH:1
end_of_record
SF:lib/qc/modules/dead_repair/resources/accept_reject_dead_request.dart
DA:27,3
DA:36,2
DA:38,6
LF:3
LH:3
end_of_record
SF:lib/qc/modules/dead_repair/resources/add_remove_part_request.dart
DA:14,2
DA:16,6
DA:18,3
LF:3
LH:3
end_of_record
SF:lib/qc/modules/dead_repair/resources/add_remove_part_response.dart
DA:13,1
DA:18,2
DA:20,2
DA:22,3
LF:4
LH:4
end_of_record
SF:lib/qc/modules/dead_repair/resources/dead_mark_update_response.dart
DA:16,1
DA:22,2
DA:24,2
LF:3
LH:3
end_of_record
SF:lib/qc/modules/dead_repair/resources/reason_submit_request.dart
DA:23,2
DA:31,2
DA:33,4
LF:3
LH:3
end_of_record
SF:lib/qc/modules/dead_repair/resources/services.dart
DA:11,1
DA:12,2
DA:13,3
DA:16,1
DA:17,2
DA:20,2
DA:26,1
DA:29,1
DA:30,1
DA:32,2
DA:39,1
DA:40,1
DA:41,2
DA:44,2
DA:46,6
DA:49,2
DA:50,4
DA:57,2
DA:59,4
DA:62,4
DA:65,4
DA:70,4
DA:73,2
LF:23
LH:23
end_of_record
SF:lib/qc/modules/dead_repair/screens/device_dead_accept_reject_screen.dart
DA:19,5
DA:21,0
DA:23,0
DA:24,0
DA:25,0
DA:27,0
DA:28,0
DA:29,0
DA:30,0
DA:31,0
DA:36,0
DA:43,0
DA:46,0
DA:63,1
LF:14
LH:2
end_of_record
SF:lib/qc/modules/dead_repair/screens/device_dead_repair_screen.dart
DA:19,5
DA:21,0
DA:23,0
DA:24,0
DA:25,0
DA:27,0
DA:31,0
DA:32,0
DA:37,1
LF:9
LH:2
end_of_record
SF:lib/src/app_builder/app_headers/qc_general_header/models/qc_general_header_param.dart
DA:8,0
LF:1
LH:0
end_of_record
SF:lib/qc/modules/dead_repair/screens/reason_selection_screen.dart
DA:20,5
DA:22,0
DA:24,0
DA:25,0
DA:26,0
DA:28,0
DA:29,0
DA:30,0
DA:31,0
DA:32,0
DA:33,0
DA:38,0
DA:46,0
DA:47,0
DA:65,1
LF:15
LH:2
end_of_record
SF:lib/qc/modules/dead_repair/widgets/accept_reject_remarks_widget.dart
DA:11,1
DA:13,0
DA:15,0
DA:16,0
DA:17,0
DA:18,0
DA:20,0
DA:21,0
DA:24,0
DA:25,0
DA:27,0
DA:29,0
DA:30,0
DA:31,0
DA:32,0
DA:33,0
DA:34,0
DA:35,0
DA:36,0
DA:37,0
DA:38,0
DA:41,0
DA:42,0
DA:47,0
DA:48,0
DA:49,0
DA:50,0
DA:51,0
LF:28
LH:1
end_of_record
SF:lib/qc/modules/dead_repair/widgets/add_remove_sku_widget.dart
DA:12,5
DA:14,0
DA:16,0
DA:17,0
DA:18,0
DA:19,0
DA:22,0
DA:23,0
DA:25,0
DA:26,0
DA:28,0
DA:29,0
DA:31,0
DA:32,0
DA:33,0
DA:35,0
DA:36,0
DA:41,0
DA:42,0
DA:43,0
DA:44,0
DA:46,0
DA:47,0
DA:48,0
DA:49,0
DA:50,0
DA:52,0
DA:62,0
DA:64,0
DA:65,0
DA:66,0
DA:67,0
DA:69,0
DA:70,0
DA:72,0
DA:73,0
DA:74,0
DA:77,0
DA:78,0
DA:79,0
DA:80,0
DA:81,0
DA:83,0
DA:86,0
DA:87,0
DA:88,0
DA:95,0
DA:108,0
DA:109,0
DA:110,0
DA:111,0
DA:116,0
DA:117,0
DA:118,0
DA:119,0
DA:120,0
DA:121,0
DA:122,0
DA:123,0
DA:124,0
DA:125,0
DA:126,0
DA:129,0
DA:131,0
DA:134,0
DA:136,0
DA:137,0
DA:138,0
DA:140,0
DA:141,0
DA:142,0
DA:143,0
DA:144,0
DA:145,0
DA:148,0
LF:75
LH:1
end_of_record
SF:lib/qc/modules/dead_repair/widgets/dead_device_accept_reject_widget.dart
DA:18,0
DA:20,0
DA:22,0
DA:23,0
DA:24,0
DA:25,0
DA:26,0
DA:27,0
DA:29,0
DA:30,0
DA:31,0
DA:32,0
DA:33,0
DA:34,0
DA:37,0
DA:39,0
DA:41,0
DA:42,0
DA:44,0
DA:48,0
DA:49,0
DA:50,0
DA:51,0
DA:52,0
DA:53,0
DA:58,0
DA:60,0
DA:61,0
DA:63,0
DA:64,0
DA:65,0
DA:66,0
DA:67,0
DA:70,0
DA:71,0
DA:72,0
DA:73,0
DA:74,0
DA:77,0
DA:78,0
DA:94,0
DA:95,0
DA:98,0
DA:99,0
DA:102,0
DA:103,0
DA:105,0
DA:106,0
DA:109,0
DA:112,0
DA:113,0
DA:115,0
DA:116,0
DA:117,0
DA:118,0
DA:119,0
DA:120,0
DA:121,0
DA:122,0
DA:124,0
DA:125,0
DA:126,0
DA:127,0
DA:128,0
DA:130,0
DA:137,0
DA:138,0
DA:139,0
DA:140,0
DA:141,0
DA:142,0
DA:143,0
DA:144,0
DA:147,0
DA:148,0
DA:149,0
DA:150,0
DA:151,0
DA:152,0
DA:154,0
DA:156,0
DA:157,0
DA:158,0
DA:159,0
DA:160,0
LF:85
LH:0
end_of_record
SF:lib/qc/modules/dead_repair/widgets/dead_device_widget.dart
DA:12,1
DA:14,0
DA:16,0
DA:17,0
DA:18,0
DA:19,0
DA:20,0
DA:21,0
DA:23,0
DA:26,0
DA:27,0
DA:28,0
DA:29,0
DA:34,0
DA:35,0
DA:36,0
DA:37,0
DA:46,0
DA:47,0
DA:48,0
DA:50,0
DA:51,0
DA:52,0
DA:53,0
DA:55,0
DA:59,0
DA:62,0
DA:67,0
DA:68,0
DA:69,0
DA:71,0
DA:72,0
DA:74,0
DA:76,0
DA:77,0
DA:82,0
DA:83,0
DA:84,0
DA:88,0
DA:93,0
DA:94,0
DA:96,0
DA:97,0
DA:98,0
DA:99,0
DA:100,0
DA:101,0
LF:47
LH:1
end_of_record
SF:lib/qc/modules/dead_repair/widgets/reason_selection_widget.dart
DA:17,1
DA:25,1
DA:26,1
DA:33,0
DA:35,0
DA:36,0
DA:37,0
DA:38,0
DA:39,0
DA:40,0
DA:41,0
DA:42,0
DA:46,0
DA:48,0
DA:49,0
DA:50,0
DA:52,0
DA:54,0
DA:57,0
DA:58,0
DA:59,0
DA:61,0
DA:62,0
DA:63,0
DA:65,0
DA:66,0
DA:68,0
DA:71,0
DA:72,0
DA:81,0
DA:83,0
DA:85,0
DA:86,0
DA:87,0
DA:88,0
DA:89,0
DA:90,0
DA:94,0
DA:95,0
DA:97,0
DA:99,0
DA:100,0
DA:101,0
DA:106,0
DA:108,0
DA:109,0
DA:110,0
DA:120,0
DA:121,0
DA:122,0
DA:123,0
DA:124,0
DA:125,0
DA:126,0
DA:127,0
DA:128,0
DA:130,0
DA:132,0
DA:133,0
DA:134,0
DA:135,0
DA:136,0
DA:140,0
DA:141,0
DA:142,0
DA:146,0
DA:147,0
DA:149,0
DA:150,0
DA:151,0
DA:152,0
DA:153,0
DA:154,0
DA:155,0
DA:156,0
DA:157,0
DA:158,0
DA:163,0
DA:164,0
DA:165,0
DA:166,0
DA:167,0
DA:168,0
DA:171,0
DA:172,0
DA:173,0
DA:174,0
DA:175,0
DA:176,0
DA:177,0
DA:178,0
DA:179,0
DA:183,0
DA:184,0
LF:94
LH:3
end_of_record
SF:lib/qc/modules/qc_actions/qc_action_screen.dart
DA:13,5
DA:15,0
LF:2
LH:1
end_of_record
SF:lib/qc/modules/device_details/components/device_details_component.dart
DA:21,0
DA:23,0
DA:25,0
DA:28,1
LF:4
LH:1
end_of_record
SF:lib/qc/modules/device_details/widgets/device_details_widget.dart
DA:17,0
DA:19,1
DA:20,1
DA:26,0
DA:28,0
DA:29,0
DA:32,0
DA:34,0
DA:35,0
DA:36,0
DA:37,0
DA:38,0
DA:39,0
DA:43,0
DA:44,0
DA:45,0
DA:47,0
DA:48,0
DA:49,0
DA:50,0
DA:53,0
DA:54,0
DA:55,0
DA:56,0
DA:63,0
DA:64,0
DA:65,0
DA:66,0
DA:68,0
DA:70,0
DA:71,0
DA:72,0
DA:73,0
DA:75,0
DA:76,0
DA:77,0
DA:78,0
DA:79,0
DA:82,0
DA:83,0
DA:84,0
DA:85,0
DA:89,0
DA:90,0
DA:91,0
DA:92,0
DA:93,0
DA:95,0
DA:96,0
DA:97,0
DA:98,0
DA:99,0
DA:100,0
DA:101,0
DA:102,0
DA:103,0
DA:104,0
DA:105,0
DA:111,0
DA:115,0
DA:116,0
DA:117,0
DA:118,0
DA:129,0
DA:130,0
DA:131,0
DA:132,0
DA:134,0
DA:135,0
DA:137,0
DA:138,0
DA:140,0
DA:141,0
DA:143,0
DA:144,0
DA:146,0
DA:147,0
DA:149,0
DA:150,0
DA:152,0
DA:153,0
DA:155,0
DA:156,0
DA:158,0
DA:159,0
DA:162,0
DA:163,0
DA:164,0
DA:167,0
DA:168,0
DA:170,0
DA:172,0
DA:173,0
DA:174,0
DA:179,0
DA:181,0
DA:188,0
DA:189,0
DA:190,0
DA:191,0
DA:192,0
DA:193,0
DA:194,0
DA:200,0
DA:201,0
DA:203,0
DA:204,0
DA:205,0
DA:210,0
DA:211,0
DA:212,0
DA:213,0
DA:214,0
DA:215,0
DA:216,0
DA:217,0
DA:219,0
DA:221,0
DA:222,0
DA:224,0
DA:227,0
DA:228,0
DA:229,0
DA:231,0
DA:232,0
DA:233,0
DA:234,0
DA:239,0
DA:241,0
DA:242,0
DA:243,0
DA:246,0
DA:248,0
LF:133
LH:2
end_of_record
SF:lib/qc/modules/device_details/resources/device_detail_response.dart
DA:50,1
DA:68,2
DA:70,1
DA:71,1
LF:4
LH:4
end_of_record
SF:lib/qc/modules/device_details/resources/device_detail_service.dart
DA:6,1
DA:7,3
DA:10,1
DA:11,3
LF:4
LH:4
end_of_record
SF:lib/qc/modules/device_details/resources/stock_movement_response.dart
DA:11,1
DA:13,2
DA:15,1
DA:16,1
DA:37,1
DA:39,2
DA:41,2
LF:7
LH:7
end_of_record
SF:lib/qc/modules/device_details/screens/device_details_screen.dart
DA:12,2
DA:14,4
DA:25,5
DA:27,0
DA:29,0
DA:30,0
DA:33,0
DA:34,0
LF:8
LH:3
end_of_record
SF:lib/qc/modules/device_receive_module/components/device_receive_component.dart
DA:24,0
DA:26,0
DA:28,0
DA:29,0
DA:30,0
DA:32,0
DA:33,0
DA:34,0
DA:35,0
DA:36,0
DA:37,0
DA:38,0
DA:39,0
DA:40,0
DA:41,0
DA:42,0
DA:43,0
DA:46,0
DA:47,0
DA:48,0
DA:49,0
DA:50,0
DA:59,0
DA:60,0
DA:61,0
DA:62,0
DA:63,0
DA:64,0
DA:69,0
DA:70,0
DA:71,0
DA:73,0
DA:75,0
DA:78,0
DA:79,0
DA:81,0
DA:83,0
DA:85,0
DA:87,0
DA:89,0
DA:97,1
LF:41
LH:1
end_of_record
SF:lib/src/common/widgets/trc_scanner_widget.dart
DA:20,1
DA:30,1
DA:31,1
DA:40,1
DA:42,2
DA:43,0
DA:44,0
DA:46,0
DA:48,0
DA:50,3
DA:51,1
DA:54,1
DA:56,1
DA:57,1
DA:59,1
DA:60,1
DA:61,1
DA:62,1
DA:64,1
DA:65,2
DA:67,0
DA:69,0
DA:70,0
DA:72,0
DA:73,0
DA:74,0
DA:75,0
DA:80,5
DA:81,3
DA:83,1
DA:86,1
DA:87,1
DA:88,1
DA:89,1
DA:92,3
DA:93,3
DA:97,3
DA:98,2
DA:101,3
DA:102,2
DA:109,1
DA:110,1
DA:111,1
DA:112,1
DA:113,0
DA:114,0
DA:115,0
DA:116,0
DA:117,0
DA:118,0
DA:119,0
DA:125,1
DA:127,1
DA:128,1
DA:131,0
DA:133,0
LF:56
LH:36
end_of_record
SF:lib/qc/modules/device_receive_module/models/device_receive_response.dart
DA:8,1
DA:22,2
DA:24,1
DA:25,1
DA:44,1
DA:51,2
DA:53,2
LF:7
LH:7
end_of_record
SF:lib/qc/modules/device_receive_module/providers/device_receive_provider.dart
DA:12,0
DA:13,0
DA:16,1
DA:17,1
DA:19,2
DA:21,0
DA:23,0
DA:25,1
DA:26,1
DA:27,2
DA:30,1
LF:11
LH:7
end_of_record
SF:lib/qc/modules/device_receive_module/resources/device_receive_service.dart
DA:8,2
DA:9,2
DA:10,2
DA:12,4
LF:4
LH:4
end_of_record
SF:lib/qc/modules/device_receive_module/screens/device_receive_screen.dart
DA:13,5
DA:15,0
LF:2
LH:1
end_of_record
SF:lib/qc/modules/dispatch_lot/components/dispatch_lots_component.dart
DA:21,0
DA:23,1
DA:25,1
DA:26,0
DA:31,2
LF:5
LH:3
end_of_record
SF:lib/qc/modules/dispatch_lot/providers/dispatch_lot_provider.dart
DA:17,1
DA:18,2
DA:21,1
DA:23,1
DA:24,1
DA:27,1
DA:28,2
DA:29,1
DA:30,1
DA:33,2
DA:35,0
DA:36,0
DA:39,0
DA:40,0
DA:41,0
DA:42,0
DA:43,0
DA:44,0
DA:45,0
DA:46,0
DA:48,0
DA:51,2
DA:53,1
DA:54,1
DA:55,1
DA:58,1
DA:60,1
DA:61,2
LF:28
LH:17
end_of_record
SF:lib/qc/modules/dispatch_lot/components/invoice_scan_component.dart
DA:19,0
DA:21,1
DA:26,2
LF:3
LH:2
end_of_record
SF:lib/qc/modules/dispatch_lot/providers/dispatch_complete_provider.dart
DA:15,1
DA:16,2
DA:19,0
DA:20,0
LF:4
LH:2
end_of_record
SF:lib/qc/modules/dispatch_lot/resources/services.dart
DA:8,1
DA:9,1
DA:10,1
DA:12,2
LF:4
LH:4
end_of_record
SF:lib/qc/modules/dispatch_lot/resources/dispatch_complete_response.dart
DA:16,1
DA:22,2
DA:24,2
LF:3
LH:3
end_of_record
SF:lib/qc/modules/dispatch_lot/resources/dispatch_lot_list_request.dart
DA:19,2
DA:21,2
LF:2
LH:2
end_of_record
SF:lib/qc/modules/dispatch_lot/resources/dispatch_lots_response.dart
DA:16,2
DA:18,2
DA:20,1
DA:51,2
DA:61,2
DA:63,2
LF:6
LH:6
end_of_record
SF:lib/qc/modules/dispatch_lot/screens/dispatch_lot_screen.dart
DA:14,5
DA:16,0
LF:2
LH:1
end_of_record
SF:lib/qc/modules/dispatch_lot/screens/invoice_scan_screen.dart
DA:14,5
DA:16,0
DA:21,0
DA:22,0
LF:4
LH:1
end_of_record
SF:lib/qc/modules/dispatch_lot/widgets/dispatch_lot_container.dart
DA:11,5
DA:13,0
DA:15,0
DA:16,0
DA:18,0
DA:19,0
DA:20,0
DA:21,0
DA:23,0
DA:25,0
DA:26,0
DA:27,0
DA:28,0
DA:36,0
DA:40,0
DA:43,0
DA:44,0
DA:45,0
DA:46,0
DA:47,0
DA:48,0
DA:49,0
DA:51,0
DA:55,0
DA:59,0
DA:62,0
DA:64,0
DA:66,0
DA:67,0
DA:68,0
DA:69,0
DA:71,0
DA:73,0
DA:87,0
DA:88,0
DA:89,0
DA:92,0
DA:93,0
DA:94,0
DA:95,0
DA:96,0
LF:41
LH:1
end_of_record
SF:lib/qc/qc_common/lot_type_filters/screens/store_out_lot_filter_screen.dart
DA:18,5
DA:20,1
DA:22,1
DA:23,1
DA:25,1
DA:29,1
DA:30,2
DA:38,1
DA:39,1
DA:41,2
DA:42,2
DA:43,2
LF:12
LH:12
end_of_record
SF:lib/qc/modules/dispatch_lot/widgets/dispatch_lots_widget.dart
DA:18,0
DA:20,1
DA:21,1
DA:27,0
DA:29,0
DA:30,0
DA:31,0
DA:32,0
DA:36,0
DA:37,0
DA:38,0
DA:51,0
DA:53,0
DA:55,0
DA:56,0
DA:57,0
DA:58,0
DA:62,0
DA:63,0
DA:68,0
DA:69,0
DA:72,0
DA:80,0
DA:81,0
DA:82,0
DA:83,0
DA:84,0
DA:85,0
DA:86,0
DA:87,0
DA:88,0
DA:89,0
DA:90,0
DA:92,0
DA:93,0
DA:94,0
DA:95,0
DA:102,0
DA:103,0
DA:104,0
DA:107,0
DA:108,0
DA:109,0
DA:111,0
DA:112,0
DA:113,0
DA:114,0
DA:115,0
DA:116,0
DA:117,0
DA:118,0
DA:120,0
DA:121,0
DA:122,0
LF:54
LH:2
end_of_record
SF:lib/qc/modules/qc_tester/disputed_image_capture/screens/disputed_image_capture_barcode_scanner_screen.dart
DA:25,1
DA:32,1
DA:34,1
DA:35,1
DA:36,3
DA:37,3
DA:38,3
DA:39,3
DA:40,3
DA:41,3
DA:50,5
DA:52,0
DA:54,0
DA:55,0
DA:57,0
LF:15
LH:11
end_of_record
SF:lib/qc/modules/dispatch_lot/widgets/lot_widget.dart
DA:12,1
DA:14,0
DA:16,0
DA:17,0
DA:18,0
DA:19,0
DA:20,0
DA:21,0
DA:24,0
DA:25,0
DA:26,0
DA:27,0
DA:30,0
DA:31,0
DA:33,0
DA:34,0
DA:35,0
DA:36,0
DA:37,0
DA:44,0
DA:45,0
DA:47,0
DA:48,0
DA:49,0
DA:54,0
DA:55,0
DA:57,0
DA:58,0
DA:59,0
LF:29
LH:1
end_of_record
SF:lib/qc/modules/dispatch_lot/widgets/invoice_scan_widget.dart
DA:9,5
DA:11,0
DA:13,0
DA:14,0
DA:15,0
DA:17,0
DA:18,0
DA:19,0
DA:21,0
DA:22,0
DA:23,0
DA:27,0
DA:28,0
DA:29,0
DA:30,0
DA:36,0
DA:38,0
DA:40,0
DA:41,0
DA:43,0
DA:44,0
DA:45,0
DA:46,0
DA:47,0
DA:48,0
DA:61,0
DA:62,0
DA:63,0
LF:28
LH:1
end_of_record
SF:lib/qc/modules/external_audit/components/external_audit_home_component.dart
DA:21,0
DA:23,0
DA:25,0
DA:26,0
DA:29,0
DA:32,0
DA:34,0
DA:35,0
DA:36,0
DA:39,0
DA:40,0
DA:41,0
DA:44,0
DA:45,0
DA:46,0
DA:53,0
DA:54,0
DA:55,0
DA:58,1
LF:19
LH:1
end_of_record
SF:lib/qc/modules/external_audit/external_audit_perform_screen.dart
DA:15,2
DA:17,1
DA:18,1
DA:19,3
DA:32,5
DA:34,0
DA:37,0
DA:38,0
DA:39,0
DA:42,0
DA:43,0
DA:44,0
DA:46,0
DA:50,0
DA:52,0
DA:54,0
DA:56,0
LF:17
LH:5
end_of_record
SF:lib/qc/modules/external_audit/components/external_audit_perform_component.dart
DA:22,0
DA:24,0
DA:26,0
DA:27,0
DA:32,1
LF:5
LH:1
end_of_record
SF:lib/qc/modules/external_audit/models/external_audit_perform_comp_params.dart
DA:10,1
LF:1
LH:1
end_of_record
SF:lib/qc/modules/external_audit/providers/external_audit_perform_provider.dart
DA:27,1
DA:29,2
DA:31,1
DA:32,1
DA:35,1
DA:36,1
DA:39,0
DA:40,0
DA:43,1
DA:44,2
DA:47,1
DA:48,2
DA:51,0
DA:52,0
DA:54,0
DA:56,0
DA:58,0
DA:61,0
DA:65,0
DA:66,0
DA:67,0
DA:68,0
DA:69,0
DA:70,0
DA:71,0
DA:72,0
DA:73,0
DA:74,0
DA:75,0
DA:78,0
DA:81,0
DA:82,0
DA:85,1
DA:86,2
DA:89,0
DA:90,0
DA:91,0
DA:92,0
DA:94,0
DA:95,0
DA:98,0
DA:99,0
DA:100,0
DA:101,0
DA:103,0
DA:106,0
DA:108,0
DA:109,0
DA:115,1
DA:116,2
DA:119,1
DA:121,2
DA:122,1
LF:53
LH:17
end_of_record
SF:lib/qc/modules/external_audit/widgets/external_audit_perform_widget.dart
DA:18,5
DA:20,1
DA:21,1
DA:30,0
DA:32,0
DA:33,0
DA:34,0
DA:35,0
DA:36,0
DA:37,0
DA:38,0
DA:40,0
DA:41,0
DA:43,0
DA:44,0
DA:45,0
DA:46,0
DA:49,0
DA:52,0
DA:53,0
DA:54,0
DA:55,0
DA:57,0
DA:58,0
DA:59,0
DA:60,0
DA:61,0
DA:63,0
DA:64,0
DA:65,0
DA:66,0
DA:67,0
DA:68,0
DA:71,0
DA:72,0
DA:73,0
DA:74,0
DA:75,0
DA:81,0
DA:82,0
DA:83,0
DA:88,0
DA:94,0
DA:95,0
DA:96,0
DA:99,0
DA:100,0
DA:101,0
DA:102,0
DA:103,0
DA:104,0
DA:106,0
DA:111,0
DA:112,0
DA:113,0
DA:114,0
DA:115,0
DA:116,0
DA:117,0
DA:118,0
DA:123,0
DA:124,0
DA:125,0
DA:126,0
DA:127,0
DA:128,0
DA:129,0
DA:130,0
DA:131,0
DA:132,0
DA:133,0
DA:136,0
DA:141,0
DA:142,0
DA:143,0
DA:147,0
DA:148,0
DA:150,0
DA:151,0
DA:158,0
DA:159,0
DA:160,0
DA:162,0
DA:163,0
DA:164,0
DA:166,0
DA:167,0
DA:168,0
DA:169,0
DA:170,0
DA:171,0
DA:172,0
DA:173,0
DA:174,0
DA:175,0
DA:185,0
DA:186,0
DA:187,0
DA:188,0
DA:189,0
DA:190,0
DA:193,0
LF:102
LH:3
end_of_record
SF:lib/qc/modules/external_audit/external_audit_home_screen.dart
DA:13,5
DA:15,0
LF:2
LH:1
end_of_record
SF:lib/qc/modules/external_audit/resources/external_audit_service.dart
DA:7,1
DA:9,1
DA:18,1
DA:21,3
LF:4
LH:4
end_of_record
SF:lib/src/common/video_upload_exception.dart
DA:4,0
DA:6,0
DA:8,0
LF:3
LH:0
end_of_record
SF:lib/qc/modules/external_audit/widgets/multiple_image_video_upload_widget.dart
DA:15,1
DA:17,1
DA:18,1
DA:26,0
DA:28,0
DA:29,0
DA:31,0
DA:34,0
DA:36,0
DA:38,0
DA:40,0
DA:42,0
DA:44,0
DA:46,0
DA:47,0
DA:48,0
DA:49,0
DA:50,0
DA:51,0
DA:55,0
DA:56,0
DA:57,0
DA:58,0
DA:62,0
DA:63,0
DA:64,0
DA:70,0
DA:73,0
DA:77,0
DA:79,0
DA:81,0
DA:82,0
DA:83,0
DA:84,0
DA:89,0
DA:90,0
DA:91,0
DA:94,0
DA:95,0
DA:96,0
DA:97,0
DA:103,0
DA:106,0
DA:111,0
DA:112,0
DA:113,0
DA:114,0
DA:116,0
DA:117,0
DA:118,0
DA:119,0
DA:121,0
DA:125,0
DA:126,0
DA:128,0
LF:55
LH:3
end_of_record
SF:lib/qc/modules/external_audit/widgets/scan_barcode_widget.dart
DA:13,1
DA:15,1
DA:16,1
DA:23,0
DA:25,0
DA:26,0
DA:28,0
DA:31,0
DA:33,0
DA:34,0
DA:36,0
DA:38,0
DA:39,0
DA:40,0
DA:42,0
DA:44,0
DA:50,0
DA:56,0
DA:59,0
DA:60,0
DA:61,0
DA:64,0
DA:65,0
DA:66,0
DA:68,0
DA:69,0
DA:70,0
DA:71,0
DA:72,0
DA:75,0
DA:76,0
DA:77,0
DA:83,0
DA:85,0
DA:86,0
DA:87,0
DA:88,0
DA:89,0
DA:90,0
LF:39
LH:3
end_of_record
SF:lib/src/common/dialogs/csh_no_internet_dialog.dart
DA:5,0
DA:6,0
DA:11,0
DA:12,0
DA:14,0
DA:15,0
LF:6
LH:0
end_of_record
SF:lib/src/common/utils/csh_video_picker.dart
DA:8,0
DA:10,0
DA:15,0
DA:16,0
DA:17,0
DA:20,0
DA:21,0
DA:22,0
DA:25,0
DA:27,0
LF:10
LH:0
end_of_record
SF:lib/qc/modules/qc_tester/disputed_image_capture/models/disputed_media_data_response.dart
DA:27,2
DA:36,4
DA:38,2
DA:60,2
DA:70,2
DA:71,6
DA:75,4
DA:77,2
DA:84,3
LF:9
LH:9
end_of_record
SF:lib/src/utils/media_upload/widgets/general_image_upload_card.dart
DA:23,2
DA:34,1
DA:36,1
DA:38,1
DA:40,1
DA:42,0
DA:43,0
DA:44,0
DA:46,0
DA:49,1
DA:51,1
DA:52,1
DA:53,1
DA:54,1
DA:58,1
DA:59,1
DA:60,1
DA:62,1
DA:70,2
DA:71,1
DA:74,1
DA:76,0
DA:80,3
DA:81,0
DA:84,0
DA:88,0
DA:89,0
DA:90,0
DA:100,0
DA:101,0
DA:103,0
DA:106,0
DA:107,0
DA:108,0
DA:110,0
DA:111,0
DA:113,0
DA:115,0
DA:119,0
DA:120,0
DA:126,0
DA:132,0
DA:134,0
DA:136,0
DA:138,0
DA:139,0
DA:148,0
DA:149,0
DA:150,0
DA:152,0
DA:153,0
DA:154,0
DA:155,0
DA:156,0
DA:159,0
DA:164,0
DA:165,0
DA:166,0
DA:167,0
DA:168,0
DA:169,0
DA:171,0
DA:172,0
DA:176,0
DA:177,0
DA:178,0
LF:66
LH:18
end_of_record
SF:lib/src/utils/media_upload/widgets/general_video_upload_card.dart
DA:22,0
DA:32,0
DA:34,0
DA:35,0
DA:36,0
DA:38,0
DA:39,0
DA:40,0
DA:42,0
DA:43,0
DA:44,0
DA:46,0
DA:49,0
DA:51,0
DA:52,0
DA:56,0
DA:57,0
DA:58,0
DA:60,0
DA:68,0
DA:69,0
DA:70,0
DA:80,0
DA:81,0
DA:83,0
DA:86,0
DA:87,0
DA:88,0
DA:90,0
DA:91,0
DA:92,0
DA:96,0
DA:97,0
DA:103,0
DA:109,0
DA:110,0
DA:112,0
DA:113,0
DA:114,0
DA:123,0
DA:125,0
DA:126,0
DA:127,0
DA:129,0
DA:131,0
DA:132,0
DA:137,0
DA:139,0
DA:140,0
DA:143,0
DA:144,0
DA:146,0
DA:147,0
DA:148,0
DA:154,0
DA:155,0
DA:156,0
DA:157,0
DA:159,0
LF:59
LH:0
end_of_record
SF:lib/qc/modules/external_audit/widgets/timer_widget.dart
DA:11,1
DA:13,1
DA:14,1
DA:21,0
DA:24,0
DA:25,0
DA:27,0
DA:28,0
DA:30,0
DA:33,0
DA:34,0
DA:36,0
DA:41,0
DA:42,0
DA:45,0
DA:46,0
DA:47,0
DA:48,0
DA:49,0
DA:50,0
DA:51,0
DA:52,0
DA:58,0
DA:60,0
DA:61,0
DA:63,0
DA:66,0
DA:68,0
DA:69,0
DA:72,0
DA:74,0
DA:75,0
DA:76,0
DA:77,0
DA:81,0
DA:83,0
DA:84,0
DA:86,0
LF:38
LH:3
end_of_record
SF:lib/src/libraries/logging/logging_service.dart
DA:21,0
DA:22,0
DA:23,0
DA:24,0
DA:25,0
DA:29,1
DA:31,0
DA:33,0
DA:35,0
DA:36,0
DA:37,0
DA:40,0
DA:44,0
DA:47,0
DA:48,0
DA:50,0
DA:51,0
DA:55,0
DA:57,0
DA:59,0
LF:20
LH:1
end_of_record
SF:lib/src/common/video_recording_error_handling_mixin.dart
DA:7,0
DA:8,0
DA:9,0
DA:11,0
DA:12,0
DA:18,0
DA:20,0
DA:21,0
DA:23,0
DA:24,0
DA:30,0
DA:32,0
DA:33,0
DA:35,0
DA:36,0
DA:42,0
DA:43,0
DA:44,0
DA:46,0
DA:47,0
DA:53,0
DA:54,0
DA:58,0
DA:59,0
DA:61,0
DA:62,0
DA:68,0
DA:69,0
DA:70,0
DA:71,0
DA:72,0
DA:73,0
DA:74,0
DA:77,0
DA:79,0
DA:81,0
DA:82,0
DA:83,0
DA:86,0
DA:88,0
DA:89,0
DA:90,0
DA:91,0
DA:94,0
DA:95,0
DA:96,0
DA:97,0
DA:98,0
DA:101,0
DA:103,0
DA:105,0
DA:106,0
DA:107,0
DA:111,0
DA:112,0
DA:113,0
DA:114,0
DA:115,0
DA:119,0
DA:120,0
DA:121,0
DA:122,0
LF:62
LH:0
end_of_record
SF:lib/qc/modules/external_audit/widgets/video_recoder_widget.dart
DA:31,1
DA:37,10
DA:39,1
DA:40,1
DA:56,1
DA:57,1
DA:62,0
DA:64,0
DA:65,0
DA:66,0
DA:67,0
DA:68,0
DA:69,0
DA:70,0
DA:71,0
DA:73,0
DA:74,0
DA:75,0
DA:76,0
DA:81,0
DA:84,0
DA:85,0
DA:86,0
DA:87,0
DA:88,0
DA:94,0
DA:95,0
DA:96,0
DA:97,0
DA:98,0
DA:99,0
DA:100,0
DA:101,0
DA:107,0
DA:108,0
DA:109,0
DA:110,0
DA:111,0
DA:112,0
DA:113,0
DA:114,0
DA:115,0
DA:116,0
DA:121,0
DA:122,0
DA:125,0
DA:126,0
DA:127,0
DA:128,0
DA:129,0
DA:130,0
DA:131,0
DA:132,0
DA:133,0
DA:134,0
DA:135,0
DA:136,0
DA:137,0
DA:138,0
DA:142,0
DA:143,0
DA:144,0
DA:146,0
DA:147,0
DA:148,0
DA:154,0
DA:156,0
DA:157,0
DA:158,0
DA:159,0
DA:160,0
DA:161,0
DA:162,0
DA:163,0
DA:165,0
DA:166,0
DA:167,0
DA:168,0
DA:169,0
DA:175,0
DA:177,0
DA:178,0
DA:179,0
DA:180,0
DA:181,0
DA:182,0
DA:183,0
DA:184,0
DA:191,0
DA:192,0
DA:193,0
DA:195,0
DA:196,0
DA:199,0
DA:200,0
DA:205,0
DA:207,0
DA:208,0
DA:209,0
DA:210,0
DA:211,0
DA:212,0
DA:213,0
DA:214,0
DA:215,0
DA:216,0
DA:222,0
DA:226,0
DA:228,0
DA:229,0
DA:230,0
DA:235,0
DA:236,0
DA:237,0
DA:242,0
DA:252,0
DA:253,0
DA:254,0
DA:255,0
DA:257,0
DA:258,0
DA:261,0
DA:262,0
DA:264,0
DA:265,0
DA:268,0
DA:269,0
DA:270,0
DA:271,0
DA:272,0
DA:273,0
DA:274,0
DA:275,0
DA:276,0
DA:277,0
DA:279,0
DA:280,0
DA:283,0
DA:284,0
DA:285,0
DA:286,0
DA:287,0
DA:289,0
DA:290,0
DA:291,0
DA:295,0
DA:296,0
DA:297,0
DA:301,0
DA:302,0
DA:303,0
DA:304,0
DA:305,0
DA:306,0
DA:307,0
DA:308,0
DA:309,0
DA:315,0
DA:318,0
DA:320,0
DA:323,0
DA:324,0
DA:327,0
DA:328,0
DA:329,0
DA:330,0
DA:331,0
DA:335,0
DA:336,0
LF:169
LH:6
end_of_record
SF:lib/src/common/utils/disk_util.dart
DA:8,0
DA:11,0
DA:12,0
DA:17,0
DA:20,0
DA:25,0
DA:26,0
DA:27,0
DA:29,0
DA:30,0
DA:31,0
DA:32,0
DA:33,0
DA:37,0
DA:38,0
DA:39,0
LF:16
LH:0
end_of_record
SF:lib/qc/modules/gaurd/components/guard_device_counting_list_component.dart
DA:20,0
DA:22,1
DA:24,1
DA:25,0
DA:31,2
LF:5
LH:3
end_of_record
SF:lib/qc/modules/gaurd/providers/guardDeviceCountingListProvider.dart
DA:13,0
DA:14,0
DA:17,0
DA:18,0
DA:19,0
DA:20,0
DA:21,0
DA:22,0
DA:23,0
DA:25,0
LF:10
LH:0
end_of_record
SF:lib/qc/modules/gaurd/widgets/qc_device_counting_list_widget.dart
DA:11,5
DA:13,0
DA:15,0
DA:16,0
DA:17,0
DA:18,0
DA:19,0
DA:20,0
DA:24,0
DA:25,0
DA:28,0
DA:30,0
DA:31,0
DA:33,0
DA:34,0
DA:36,0
DA:37,0
DA:38,0
DA:39,0
DA:40,0
DA:42,0
DA:43,0
DA:46,0
DA:50,0
DA:54,0
DA:57,0
DA:59,0
DA:61,0
DA:62,0
DA:63,0
DA:76,0
DA:78,0
DA:80,0
DA:81,0
DA:82,0
DA:84,0
DA:85,0
DA:87,0
DA:89,0
DA:91,0
DA:92,0
DA:93,0
DA:96,0
DA:97,0
DA:98,0
LF:45
LH:1
end_of_record
SF:lib/qc/modules/gaurd/components/guard_upload_invoice_component.dart
DA:23,0
DA:25,0
DA:27,0
DA:28,0
DA:29,0
DA:34,2
LF:6
LH:1
end_of_record
SF:lib/qc/modules/gaurd/models/upload_invoice_comp_param.dart
DA:11,1
LF:1
LH:1
end_of_record
SF:lib/qc/modules/gaurd/providers/upload_invoice_provider.dart
DA:18,1
DA:20,0
DA:21,0
DA:24,0
DA:25,0
DA:26,0
DA:27,0
DA:28,0
DA:29,0
DA:30,0
DA:31,0
DA:33,0
DA:34,0
DA:36,0
DA:37,0
DA:39,0
DA:42,0
DA:43,0
DA:44,0
DA:45,0
DA:48,0
DA:49,0
DA:50,0
DA:51,0
DA:52,0
DA:53,0
DA:54,0
DA:56,0
DA:58,0
DA:59,0
DA:61,0
LF:31
LH:1
end_of_record
SF:lib/qc/modules/gaurd/widgets/guard_upload_invoice_widget.dart
DA:11,5
DA:13,0
DA:15,0
DA:16,0
DA:18,0
DA:19,0
DA:20,0
DA:22,0
DA:23,0
DA:24,0
DA:25,0
DA:27,0
DA:28,0
DA:30,0
DA:31,0
DA:34,0
DA:35,0
DA:36,0
DA:37,0
DA:39,0
DA:40,0
DA:41,0
DA:42,0
DA:43,0
DA:44,0
DA:45,0
DA:46,0
DA:47,0
DA:48,0
DA:55,0
DA:56,0
DA:58,0
DA:59,0
DA:60,0
DA:62,0
DA:63,0
LF:36
LH:1
end_of_record
SF:lib/qc/modules/gaurd/components/qc_guard_add_agent_component.dart
DA:26,0
DA:28,0
DA:30,0
DA:31,0
DA:34,2
DA:41,5
DA:43,0
DA:45,0
DA:46,0
DA:47,0
DA:49,0
DA:50,0
DA:54,0
DA:55,0
DA:57,0
DA:58,0
DA:59,0
DA:60,0
DA:63,0
DA:64,0
DA:65,0
DA:66,0
DA:67,0
DA:68,0
DA:69,0
DA:71,0
DA:72,0
DA:76,0
DA:77,0
DA:81,0
DA:82,0
DA:83,0
DA:84,0
DA:85,0
DA:88,0
DA:89,0
DA:98,0
DA:99,0
DA:100,0
DA:101,0
DA:103,0
DA:104,0
DA:105,0
DA:106,0
DA:108,0
DA:112,0
DA:113,0
DA:116,0
DA:117,0
DA:118,0
DA:119,0
DA:120,0
DA:121,0
DA:122,0
DA:123,0
DA:125,0
DA:128,0
DA:129,0
DA:131,0
DA:132,0
DA:133,0
DA:134,0
DA:136,0
DA:137,0
DA:138,0
DA:146,0
DA:147,0
DA:148,0
DA:149,0
DA:151,0
DA:152,0
DA:156,0
DA:157,0
DA:158,0
DA:159,0
DA:162,0
DA:163,0
DA:173,0
DA:174,0
DA:175,0
DA:176,0
LF:81
LH:2
end_of_record
SF:lib/qc/modules/gaurd/models/add_agent_comp_param.dart
DA:11,1
LF:1
LH:1
end_of_record
SF:lib/qc/modules/gaurd/screens/guard_upload_invoice_screen.dart
DA:13,2
DA:15,1
DA:16,1
DA:17,2
DA:18,2
DA:32,5
DA:34,0
DA:36,0
DA:37,0
DA:40,1
DA:41,1
LF:11
LH:8
end_of_record
SF:lib/qc/modules/gaurd/providers/qc_guard_add_agent_provider.dart
DA:11,1
DA:12,2
DA:13,2
DA:14,7
DA:17,0
DA:18,0
DA:21,2
DA:23,1
DA:24,8
DA:26,1
DA:27,1
DA:28,1
DA:29,1
DA:30,1
LF:14
LH:12
end_of_record
SF:lib/qc/modules/gaurd/components/qc_guard_home_component.dart
DA:22,0
DA:24,1
DA:26,1
DA:29,2
DA:36,5
DA:38,0
DA:40,0
DA:41,0
DA:43,0
DA:46,0
DA:47,0
DA:49,0
DA:50,0
DA:54,0
DA:56,0
DA:57,0
DA:65,0
DA:66,0
DA:69,0
DA:70,0
DA:71,0
DA:72,0
DA:73,0
DA:74,0
DA:75,0
DA:76,0
DA:77,0
DA:83,0
DA:84,0
DA:87,0
DA:88,0
DA:90,0
DA:91,0
DA:92,0
DA:94,0
DA:96,0
DA:97,0
LF:37
LH:4
end_of_record
SF:lib/qc/modules/gaurd/providers/qc_guard_home_provider.dart
DA:10,0
DA:11,0
DA:14,0
DA:15,0
DA:16,0
DA:17,0
DA:18,0
DA:19,0
DA:21,0
DA:24,0
DA:25,0
DA:28,0
DA:31,0
LF:13
LH:0
end_of_record
SF:lib/qc/modules/gaurd/screens/guard_device_counting_list_screen.dart
DA:13,5
DA:15,0
LF:2
LH:1
end_of_record
SF:lib/qc/modules/gaurd/models/collected_order_list_response.dart
DA:14,1
DA:16,2
DA:18,1
DA:19,1
DA:42,1
DA:45,2
DA:47,2
LF:7
LH:7
end_of_record
SF:lib/qc/modules/gaurd/models/guard_entry_scan_response.dart
DA:12,1
DA:14,2
DA:16,1
DA:17,1
LF:4
LH:4
end_of_record
SF:lib/qc/modules/gaurd/resources/guard_service.dart
DA:9,1
DA:10,1
DA:12,3
DA:15,1
DA:16,2
DA:19,1
DA:20,1
DA:26,3
LF:8
LH:8
end_of_record
SF:lib/src/utils/image_util.dart
DA:16,1
DA:18,1
DA:19,1
DA:21,1
DA:24,1
DA:25,2
DA:26,2
DA:27,1
DA:29,1
DA:30,1
DA:31,1
DA:32,1
DA:33,1
DA:35,1
DA:38,1
DA:39,1
DA:41,1
DA:44,1
DA:47,0
DA:48,0
DA:49,0
DA:59,0
DA:61,0
DA:63,0
DA:65,0
DA:67,0
DA:68,0
DA:71,0
DA:73,0
DA:75,0
DA:77,0
DA:78,0
DA:79,0
DA:82,0
DA:85,0
DA:86,0
DA:87,0
DA:89,0
DA:94,0
DA:95,0
DA:96,0
DA:97,0
DA:98,0
DA:99,0
DA:100,0
DA:102,0
DA:103,0
DA:104,0
DA:109,0
DA:110,0
DA:111,0
DA:115,0
DA:116,0
DA:117,0
DA:118,0
DA:119,0
DA:121,0
DA:122,0
DA:124,0
DA:128,0
DA:129,0
DA:130,0
DA:133,0
DA:134,0
DA:139,0
DA:140,0
DA:141,0
DA:149,0
DA:150,0
DA:153,0
DA:154,0
DA:155,0
DA:156,0
DA:158,0
DA:161,0
DA:162,0
DA:163,0
DA:164,0
DA:165,0
DA:166,0
LF:80
LH:18
end_of_record
SF:lib/qc/modules/gaurd/screens/qc_guard_add_agent_screen.dart
DA:21,5
DA:23,0
DA:25,0
DA:26,0
DA:28,0
DA:29,0
DA:30,0
DA:34,0
DA:36,0
DA:37,0
DA:38,0
DA:43,0
DA:44,0
DA:47,0
DA:58,1
LF:15
LH:2
end_of_record
SF:lib/qc/modules/gaurd/screens/qc_guard_home_screen.dart
DA:13,5
DA:15,0
LF:2
LH:1
end_of_record
SF:lib/src/utils/fetch_image_widget.dart
DA:5,1
DA:6,1
DA:10,1
DA:13,0
DA:14,0
LF:5
LH:3
end_of_record
SF:lib/qc/modules/imei_validator/components/imei_validator_component.dart
DA:21,0
DA:23,0
DA:25,0
DA:28,1
LF:4
LH:1
end_of_record
SF:lib/qc/modules/imei_validator/models/imei_validator_screen_arg_model.dart
DA:9,0
LF:1
LH:0
end_of_record
SF:lib/qc/modules/imei_validator/widgets/imei_validator_widget.dart
DA:17,0
DA:19,0
DA:20,0
DA:29,0
DA:31,0
DA:34,0
DA:35,0
DA:36,0
DA:37,0
DA:40,0
DA:41,0
DA:43,0
DA:44,0
DA:47,0
DA:50,0
DA:51,0
DA:55,0
DA:56,0
DA:57,0
DA:59,0
DA:66,0
DA:67,0
DA:68,0
DA:69,0
DA:70,0
DA:71,0
DA:72,0
DA:79,0
DA:81,0
DA:82,0
DA:83,0
DA:85,0
DA:86,0
DA:88,0
DA:89,0
DA:92,0
DA:94,0
DA:95,0
DA:96,0
DA:97,0
DA:100,0
DA:104,0
DA:107,0
DA:108,0
DA:110,0
DA:112,0
DA:113,0
DA:114,0
DA:115,0
DA:118,0
DA:123,0
DA:124,0
DA:125,0
DA:126,0
DA:127,0
DA:130,0
DA:133,0
DA:134,0
DA:136,0
DA:138,0
DA:139,0
DA:140,0
DA:141,0
DA:144,0
DA:149,0
DA:150,0
DA:151,0
DA:152,0
DA:153,0
DA:156,0
DA:157,0
DA:158,0
DA:161,0
DA:162,0
DA:165,0
DA:167,0
DA:170,0
DA:172,0
DA:173,0
DA:175,0
DA:177,0
DA:178,0
DA:179,0
DA:181,0
DA:183,0
DA:184,0
DA:185,0
DA:187,0
DA:195,0
DA:196,0
DA:197,0
DA:198,0
DA:199,0
DA:200,0
DA:201,0
DA:202,0
DA:203,0
DA:204,0
DA:208,0
DA:209,0
LF:100
LH:0
end_of_record
SF:lib/qc/modules/imei_validator/resources/imei_qrcode_response.dart
DA:16,2
DA:18,2
LF:2
LH:2
end_of_record
SF:lib/qc/modules/imei_validator/resources/imei_validator_service.dart
DA:7,1
DA:8,1
DA:14,3
LF:3
LH:3
end_of_record
SF:lib/qc/modules/imei_validator/screens/imei_validator_screen.dart
DA:14,2
DA:16,1
DA:17,3
DA:30,5
DA:32,0
DA:34,0
DA:35,0
DA:38,0
DA:39,0
LF:9
LH:4
end_of_record
SF:lib/qc/modules/pre_dispatch/components/pre_dispatch_component.dart
DA:23,0
DA:25,1
DA:27,1
DA:28,0
DA:29,0
DA:33,2
LF:6
LH:3
end_of_record
SF:lib/qc/modules/pre_dispatch/components/pre_dispatch_lots_component.dart
DA:21,0
DA:23,1
DA:25,1
DA:26,0
DA:31,2
LF:5
LH:3
end_of_record
SF:lib/qc/modules/pre_dispatch/providers/pre_dispatch_lot_provider.dart
DA:17,1
DA:18,1
DA:21,1
DA:22,1
DA:25,1
DA:26,2
DA:29,1
DA:30,2
DA:31,1
DA:34,2
DA:36,0
DA:37,0
DA:40,1
DA:42,1
DA:43,2
DA:46,0
DA:47,0
DA:48,0
DA:49,0
DA:50,0
DA:51,0
DA:52,0
DA:53,0
DA:54,0
DA:55,0
DA:57,0
DA:60,1
DA:61,1
DA:62,1
LF:29
LH:16
end_of_record
SF:lib/qc/modules/pre_dispatch/models/pre_dispatch_comp_param.dart
DA:15,1
LF:1
LH:1
end_of_record
SF:lib/qc/modules/pre_dispatch/resources/services.dart
DA:8,0
DA:9,0
DA:12,0
DA:16,0
DA:17,0
DA:18,0
LF:6
LH:0
end_of_record
SF:lib/qc/modules/pre_dispatch/providers/pre_dispatch_provider.dart
DA:20,0
DA:21,0
DA:24,1
DA:25,2
DA:26,1
DA:29,0
DA:30,0
DA:31,0
DA:32,0
DA:33,0
DA:34,0
DA:35,0
DA:36,0
DA:37,0
DA:38,0
DA:39,0
DA:40,0
DA:41,0
DA:42,0
DA:44,0
DA:47,1
DA:48,3
DA:49,8
DA:52,0
DA:53,0
DA:56,0
DA:57,0
DA:58,0
DA:59,0
DA:60,0
DA:61,0
DA:62,0
DA:63,0
DA:66,0
DA:67,0
DA:69,0
DA:70,0
DA:71,0
DA:72,0
DA:73,0
DA:74,0
DA:75,0
DA:77,0
DA:81,0
DA:82,0
DA:83,0
DA:84,0
DA:85,0
DA:86,0
DA:87,0
DA:88,0
DA:89,0
DA:90,0
DA:92,0
DA:96,1
DA:97,3
DA:100,1
DA:101,7
LF:58
LH:10
end_of_record
SF:lib/qc/modules/re_qc/models/lot_device_list_response.dart
DA:11,2
DA:13,4
DA:15,1
DA:16,1
DA:72,3
DA:92,6
DA:94,2
LF:7
LH:7
end_of_record
SF:lib/qc/modules/re_qc/resources/re_qc_service.dart
DA:12,1
DA:13,1
DA:14,3
DA:17,1
DA:18,3
DA:21,1
DA:22,3
DA:29,1
DA:30,3
DA:33,1
DA:34,3
DA:37,1
DA:40,1
DA:41,1
DA:42,1
DA:45,1
DA:46,3
LF:17
LH:17
end_of_record
SF:lib/qc/modules/pre_dispatch/resources/complete_pre_dispatch_response.dart
DA:24,1
DA:32,2
DA:34,2
DA:36,1
DA:37,2
LF:5
LH:5
end_of_record
SF:lib/qc/modules/pre_dispatch/resources/pre_dispatch_lots_response.dart
DA:22,2
DA:24,2
DA:26,1
DA:58,1
DA:68,2
DA:70,2
LF:6
LH:6
end_of_record
SF:lib/qc/modules/pre_dispatch/resources/pre_dispatch_lot_list_request.dart
DA:17,1
DA:19,2
DA:21,2
DA:35,1
DA:41,2
DA:43,2
LF:6
LH:6
end_of_record
SF:lib/qc/modules/pre_dispatch/resources/pre_dispatch_item_response.dart
DA:19,2
DA:21,2
DA:23,1
DA:69,1
DA:84,2
DA:86,2
LF:6
LH:6
end_of_record
SF:lib/qc/modules/pre_dispatch/resources/scan_pre_dispatch_lot_request.dart
DA:13,2
DA:15,2
DA:17,1
LF:3
LH:3
end_of_record
SF:lib/qc/modules/pre_dispatch/resources/scan_pre_dispatch_response.dart
DA:26,1
DA:35,2
DA:37,2
LF:3
LH:3
end_of_record
SF:lib/qc/modules/pre_dispatch/screens/pre_dispatch_lot_screen.dart
DA:14,5
DA:16,1
LF:2
LH:2
end_of_record
SF:lib/qc/modules/pre_dispatch/screens/pre_dispatch_screen.dart
DA:15,5
DA:17,1
DA:19,1
DA:20,1
DA:22,0
DA:26,1
DA:27,1
DA:30,1
DA:41,1
DA:47,1
DA:48,1
DA:49,3
DA:50,3
DA:51,3
LF:14
LH:13
end_of_record
SF:lib/qc/modules/pre_dispatch/widgets/pre_dispatch_lot_container.dart
DA:10,5
DA:12,0
DA:14,0
DA:15,0
DA:16,0
DA:18,0
DA:21,0
DA:22,0
DA:23,0
DA:25,0
DA:27,0
DA:35,0
DA:36,0
DA:37,0
DA:38,0
DA:39,0
LF:16
LH:1
end_of_record
SF:lib/qc/modules/pre_dispatch/widgets/pre_dispatch_lots_widget.dart
DA:14,5
DA:16,0
DA:17,0
DA:23,0
DA:25,0
DA:26,0
DA:27,0
DA:28,0
DA:29,0
DA:34,0
DA:35,0
DA:36,0
DA:49,0
DA:51,0
DA:52,0
DA:53,0
DA:66,0
DA:67,0
DA:68,0
DA:69,0
DA:70,0
DA:73,0
DA:74,0
DA:77,0
DA:86,0
DA:87,0
DA:88,0
DA:90,0
DA:91,0
DA:92,0
DA:93,0
DA:94,0
DA:95,0
DA:96,0
DA:97,0
DA:99,0
DA:101,0
DA:102,0
DA:103,0
DA:109,0
DA:110,0
DA:111,0
DA:112,0
DA:113,0
DA:114,0
DA:117,0
DA:118,0
DA:119,0
DA:120,0
DA:122,0
DA:124,0
LF:51
LH:1
end_of_record
SF:lib/qc/modules/pre_dispatch/widgets/pre_dispatch_lot_widget.dart
DA:12,0
DA:14,0
DA:16,0
DA:17,0
DA:18,0
DA:19,0
DA:20,0
DA:21,0
DA:24,0
DA:25,0
DA:26,0
DA:27,0
DA:30,0
DA:32,0
DA:33,0
DA:34,0
DA:38,0
DA:40,0
DA:41,0
DA:42,0
DA:46,0
DA:48,0
DA:49,0
DA:50,0
DA:54,0
DA:56,0
DA:57,0
DA:58,0
LF:28
LH:0
end_of_record
SF:lib/qc/modules/pre_dispatch/widgets/pre_dispatch_widget.dart
DA:10,5
DA:12,0
DA:13,0
DA:25,0
DA:27,0
DA:28,0
DA:29,0
DA:32,0
DA:34,0
DA:36,0
DA:37,0
DA:38,0
DA:39,0
DA:42,0
DA:43,0
DA:45,0
DA:46,0
DA:48,0
DA:50,0
DA:51,0
DA:53,0
DA:60,0
DA:61,0
DA:62,0
DA:63,0
DA:64,0
DA:65,0
DA:67,0
DA:68,0
DA:71,0
DA:73,0
DA:74,0
DA:75,0
DA:76,0
DA:77,0
DA:78,0
DA:88,0
DA:90,0
DA:91,0
DA:94,0
DA:95,0
DA:97,0
DA:98,0
DA:99,0
DA:100,0
DA:101,0
LF:46
LH:1
end_of_record
SF:lib/qc/modules/pre_dispatch/widgets/pre_dispatch_item_widget.dart
DA:15,0
DA:19,0
DA:21,0
DA:22,0
DA:24,0
DA:25,0
DA:26,0
DA:27,0
DA:29,0
DA:30,0
DA:32,0
DA:35,0
DA:36,0
DA:37,0
DA:38,0
DA:39,0
DA:40,0
DA:43,0
DA:46,0
DA:47,0
DA:48,0
DA:50,0
DA:51,0
DA:54,0
DA:55,0
DA:56,0
DA:58,0
DA:59,0
DA:64,0
DA:65,0
DA:67,0
DA:68,0
DA:69,0
DA:71,0
DA:76,0
DA:77,0
DA:79,0
DA:80,0
DA:81,0
DA:86,0
DA:87,0
DA:89,0
DA:90,0
DA:91,0
DA:101,0
DA:108,0
DA:109,0
DA:110,0
DA:111,0
DA:112,0
DA:113,0
DA:115,0
DA:123,0
DA:124,0
DA:126,0
DA:127,0
DA:128,0
DA:129,0
DA:131,0
DA:132,0
DA:134,0
DA:135,0
DA:136,0
DA:137,0
DA:138,0
DA:142,0
DA:143,0
DA:145,0
DA:146,0
DA:150,0
DA:151,0
DA:155,0
DA:157,0
DA:160,0
DA:161,0
DA:164,0
DA:169,0
DA:170,0
DA:171,0
DA:172,0
DA:173,0
DA:178,0
DA:179,0
DA:180,0
DA:181,0
DA:182,0
DA:183,0
DA:184,0
DA:186,0
DA:187,0
DA:188,0
DA:190,0
DA:192,0
DA:193,0
DA:194,0
LF:95
LH:0
end_of_record
SF:lib/qc/modules/pre_dispatch/widgets/pre_dispatch_container_widget.dart
DA:13,0
DA:15,0
DA:17,0
DA:19,0
DA:20,0
DA:23,0
DA:24,0
LF:7
LH:0
end_of_record
SF:lib/qc/modules/pre_dispatch/widgets/pre_dispatch_scan_result_widget.dart
DA:9,5
DA:11,0
DA:13,0
DA:14,0
DA:15,0
DA:16,0
DA:17,0
DA:18,0
DA:19,0
DA:20,0
DA:23,0
DA:24,0
DA:27,0
DA:28,0
DA:29,0
DA:30,0
DA:31,0
DA:32,0
DA:35,0
DA:36,0
DA:37,0
DA:38,0
DA:39,0
DA:42,0
DA:43,0
DA:44,0
DA:45,0
DA:46,0
DA:49,0
DA:50,0
DA:51,0
DA:52,0
DA:53,0
DA:56,0
DA:57,0
DA:59,0
DA:60,0
DA:65,0
DA:66,0
DA:67,0
DA:68,0
DA:69,0
LF:42
LH:1
end_of_record
SF:lib/src/common/widgets/search_with_dropdown_widget.dart
DA:11,1
DA:18,1
DA:19,1
DA:28,1
DA:30,3
DA:31,5
DA:33,3
DA:34,1
DA:37,1
DA:39,1
DA:40,2
DA:41,1
DA:43,1
DA:44,1
DA:47,1
DA:48,1
DA:49,1
DA:50,0
DA:51,0
DA:52,0
DA:53,0
DA:54,0
DA:55,0
DA:57,0
DA:62,1
DA:65,1
DA:66,3
DA:67,1
DA:68,3
DA:69,0
DA:70,0
DA:71,0
DA:74,3
DA:75,0
DA:77,0
DA:79,0
DA:80,0
DA:91,1
DA:92,1
DA:95,0
DA:96,0
DA:97,0
DA:98,0
DA:99,0
LF:44
LH:25
end_of_record
SF:lib/src/common/widgets/labeled_text.dart
DA:16,0
DA:28,1
DA:30,2
DA:31,1
DA:32,1
DA:33,1
DA:34,1
DA:35,1
DA:36,5
DA:37,5
LF:10
LH:9
end_of_record
SF:lib/qc/modules/qc_actions/component/qc_action_component.dart
DA:16,0
DA:18,0
DA:20,0
DA:23,1
LF:4
LH:1
end_of_record
SF:lib/qc/modules/qc_actions/models/qc_action_comp_config.dart
DA:12,0
DA:17,0
LF:2
LH:0
end_of_record
SF:lib/qc/modules/qc_actions/widgets/qc_action_widget.dart
DA:43,0
DA:46,0
DA:48,0
DA:49,0
DA:53,0
DA:55,0
DA:56,0
DA:57,0
DA:61,0
DA:64,0
DA:66,0
DA:81,0
DA:82,0
DA:83,0
DA:86,0
DA:87,0
DA:89,0
DA:90,0
DA:91,0
DA:92,0
DA:93,0
DA:98,0
DA:99,0
DA:100,0
DA:101,0
DA:104,0
DA:107,0
DA:108,0
DA:109,0
DA:110,0
DA:112,0
DA:113,0
DA:119,0
DA:122,0
DA:123,0
DA:124,0
DA:125,0
DA:130,0
DA:131,0
DA:132,0
DA:133,0
DA:136,0
DA:139,0
DA:140,0
DA:141,0
DA:142,0
DA:146,0
DA:149,0
DA:150,0
DA:151,0
DA:152,0
DA:157,0
DA:158,0
DA:159,0
DA:160,0
DA:164,0
DA:165,0
DA:166,0
DA:167,0
DA:170,0
DA:173,0
DA:174,0
DA:175,0
DA:176,0
DA:180,0
DA:183,0
DA:184,0
DA:185,0
DA:186,0
DA:190,0
DA:193,0
DA:194,0
DA:195,0
DA:196,0
DA:201,0
DA:202,0
DA:203,0
DA:204,0
DA:207,0
DA:210,0
DA:211,0
DA:212,0
DA:213,0
DA:215,0
DA:216,0
DA:217,0
DA:219,0
DA:220,0
DA:226,0
DA:227,0
DA:228,0
DA:229,0
DA:233,0
DA:234,0
DA:235,0
DA:236,0
DA:238,0
DA:239,0
DA:240,0
DA:246,0
DA:247,0
DA:248,0
DA:249,0
DA:253,0
DA:254,0
DA:255,0
DA:256,0
DA:258,0
DA:260,0
DA:261,0
DA:263,0
DA:264,0
DA:265,0
DA:266,0
DA:267,0
DA:268,0
DA:270,0
DA:271,0
DA:273,0
DA:287,0
DA:288,0
DA:289,0
DA:290,0
DA:291,0
DA:294,0
DA:297,0
DA:298,0
DA:305,0
DA:306,0
DA:307,0
DA:308,0
DA:309,0
DA:310,0
DA:311,0
DA:312,0
DA:316,0
DA:317,0
DA:318,0
DA:319,0
DA:320,0
DA:322,0
DA:323,0
DA:325,0
DA:327,0
DA:328,0
DA:329,0
DA:330,0
DA:331,0
DA:334,0
LF:149
LH:0
end_of_record
SF:lib/qc/modules/qc_actions/resources/services.dart
DA:6,2
DA:7,4
LF:2
LH:2
end_of_record
SF:lib/qc/modules/re_qc/screens/re_qc_list_screen.dart
DA:13,5
DA:15,0
LF:2
LH:1
end_of_record
SF:lib/qc/modules/stock_transfer/screens/stock_transfer_list_screen.dart
DA:13,5
DA:15,0
LF:2
LH:1
end_of_record
SF:lib/qc/modules/store_in/dialog/show_store_in_type_dialog.dart
DA:9,0
DA:10,0
DA:11,0
DA:13,0
DA:14,0
DA:15,0
DA:17,0
DA:18,0
DA:19,0
DA:20,0
DA:21,0
DA:24,0
DA:25,0
DA:26,0
DA:27,0
DA:35,0
DA:36,0
DA:37,0
DA:38,0
DA:42,0
DA:43,0
DA:44,0
DA:45,0
LF:23
LH:0
end_of_record
SF:lib/qc/modules/store_in/screens/store_in_location_scan_screen.dart
DA:20,5
DA:22,0
DA:24,0
DA:25,0
DA:26,0
DA:28,0
DA:29,0
DA:30,0
DA:31,0
DA:36,0
DA:37,0
DA:38,0
DA:41,0
DA:42,0
DA:43,0
DA:51,1
DA:54,1
LF:17
LH:3
end_of_record
SF:lib/qc/modules/supervisor/dialogs/supervisor_device_detail_dialog.dart
DA:8,0
DA:9,0
DA:10,0
DA:12,0
DA:14,0
DA:16,0
DA:17,0
DA:21,0
DA:23,0
DA:27,0
DA:29,0
DA:31,0
DA:32,0
DA:33,0
DA:36,0
DA:38,0
DA:39,0
DA:40,0
DA:41,0
DA:49,0
DA:51,0
DA:52,0
DA:53,0
DA:56,0
DA:58,0
DA:59,0
DA:60,0
DA:61,0
DA:67,0
DA:68,0
DA:69,0
DA:70,0
DA:71,0
LF:33
LH:0
end_of_record
SF:lib/qc/modules/supervisor/resources/supervisor_service.dart
DA:7,2
DA:9,2
DA:10,4
DA:13,1
DA:18,1
DA:23,3
DA:24,1
DA:27,1
LF:8
LH:8
end_of_record
SF:lib/qc/modules/warehouse_audit/screens/on_going_audit_screen.dart
DA:13,5
DA:15,0
LF:2
LH:1
end_of_record
SF:lib/qc/qc_role_permission/qc_role_permission_helper.dart
DA:4,1
LF:1
LH:1
end_of_record
SF:lib/qc/qc_role_permission/widget/qc_role_permission_widget.dart
DA:9,0
DA:11,0
DA:13,0
DA:15,0
DA:16,0
DA:17,0
LF:6
LH:0
end_of_record
SF:lib/src/common/nps/dialog/show_nps_dialog.dart
DA:13,0
DA:15,0
DA:16,0
DA:18,0
DA:19,0
DA:20,0
DA:21,0
DA:23,0
DA:29,0
DA:33,0
DA:34,0
DA:36,0
DA:37,0
DA:39,0
DA:41,0
DA:42,0
DA:43,0
DA:46,0
DA:47,0
DA:48,0
DA:51,0
LF:21
LH:0
end_of_record
SF:lib/src/modules/elss/common_screen/elss_home_screen.dart
DA:14,0
DA:16,0
DA:17,0
DA:18,0
DA:27,5
DA:29,0
DA:31,0
DA:32,0
DA:34,0
LF:9
LH:1
end_of_record
SF:lib/qc/modules/qc_tester/home/screens/qc_tester_home_screen.dart
DA:13,5
DA:15,0
LF:2
LH:1
end_of_record
SF:lib/qc/modules/qc_tester/audit/components/audit_question_component.dart
DA:24,1
DA:26,0
DA:28,0
DA:29,0
DA:30,0
DA:32,0
DA:37,2
DA:46,0
DA:48,0
DA:50,0
DA:52,0
DA:60,0
LF:12
LH:2
end_of_record
SF:lib/qc/modules/qc_tester/audit/models/audit_question_comp_param.dart
DA:8,0
LF:1
LH:0
end_of_record
SF:lib/qc/modules/qc_tester/audit/providers/audit_questions_provider.dart
DA:11,0
DA:12,0
DA:19,1
DA:20,1
DA:23,0
DA:24,0
DA:26,0
DA:28,0
DA:29,0
DA:30,0
DA:31,0
DA:32,0
DA:33,0
DA:37,1
DA:38,3
DA:39,0
DA:40,0
DA:41,0
DA:44,1
LF:19
LH:5
end_of_record
SF:lib/qc/modules/qc_tester/audit/widgets/audit_widget.dart
DA:13,0
DA:15,0
DA:17,0
DA:18,0
DA:19,0
DA:21,0
DA:22,0
DA:23,0
DA:25,0
DA:26,0
DA:28,0
DA:29,0
DA:30,0
DA:31,0
DA:34,0
DA:35,0
DA:36,0
DA:37,0
DA:38,0
DA:39,0
DA:41,0
DA:42,0
DA:44,0
DA:45,0
LF:24
LH:0
end_of_record
SF:lib/qc/modules/qc_tester/audit/components/audit_question_summary_component.dart
DA:36,1
DA:38,0
DA:40,0
DA:41,0
DA:42,0
DA:44,0
DA:45,0
DA:46,0
DA:52,2
DA:63,0
DA:65,0
DA:66,0
DA:70,0
DA:72,0
DA:73,0
DA:74,0
DA:77,0
DA:80,0
DA:82,0
DA:83,0
DA:84,0
DA:85,0
DA:86,0
DA:87,0
DA:88,0
DA:89,0
DA:90,0
DA:91,0
DA:92,0
DA:93,0
DA:95,0
DA:99,0
DA:102,0
DA:104,0
DA:106,0
DA:107,0
DA:108,0
DA:109,0
DA:110,0
DA:117,0
DA:120,0
DA:121,0
DA:122,0
DA:123,0
DA:124,0
DA:125,0
DA:126,0
DA:128,0
DA:129,0
DA:131,0
DA:141,0
DA:142,0
DA:144,0
DA:145,0
DA:149,0
DA:150,0
DA:151,0
DA:153,0
DA:157,0
DA:159,0
DA:161,0
DA:162,0
DA:163,0
DA:167,0
DA:172,0
DA:176,0
DA:177,0
DA:178,0
DA:179,0
DA:182,0
DA:183,0
DA:186,0
DA:187,0
DA:188,0
DA:189,0
DA:190,0
DA:192,0
DA:195,0
DA:196,0
DA:197,0
DA:198,0
DA:199,0
DA:203,0
DA:204,0
DA:205,0
DA:206,0
DA:207,0
DA:208,0
DA:209,0
DA:210,0
DA:214,0
DA:215,0
DA:216,0
DA:217,0
DA:221,0
DA:222,0
DA:224,0
DA:225,0
DA:226,0
DA:227,0
DA:229,0
DA:236,0
DA:237,0
DA:239,0
DA:241,0
DA:244,0
DA:245,0
DA:247,0
DA:249,0
DA:253,0
DA:254,0
DA:255,0
DA:257,0
DA:258,0
DA:259,0
DA:267,0
DA:268,0
DA:270,0
DA:271,0
DA:273,0
DA:274,0
DA:275,0
DA:277,0
DA:280,0
DA:281,0
DA:283,0
DA:284,0
DA:285,0
DA:286,0
DA:287,0
DA:288,0
DA:289,0
DA:290,0
DA:291,0
DA:292,0
DA:293,0
DA:298,0
DA:304,0
DA:305,0
DA:307,0
DA:308,0
DA:309,0
DA:310,0
LF:143
LH:2
end_of_record
SF:lib/qc/modules/qc_tester/audit/resources/new_audit_response.dart
DA:14,0
DA:16,0
DA:18,0
DA:19,0
DA:30,6
DA:32,2
DA:65,2
DA:76,2
DA:78,2
DA:79,2
DA:80,4
DA:81,6
DA:85,2
DA:86,2
DA:87,4
DA:88,2
DA:89,8
DA:90,1
DA:91,4
DA:95,2
DA:96,2
DA:97,2
DA:102,2
DA:103,2
DA:104,4
DA:106,4
DA:107,2
DA:113,2
DA:114,2
DA:115,2
DA:116,2
DA:117,2
DA:118,2
DA:119,2
DA:135,3
DA:137,6
DA:139,6
LF:37
LH:33
end_of_record
SF:lib/qc/modules/qc_tester/audit/screens/audit_question_screen.dart
DA:15,1
DA:17,1
DA:19,1
DA:20,1
DA:21,3
DA:30,5
DA:32,1
DA:34,1
DA:35,1
DA:37,0
LF:10
LH:9
end_of_record
SF:lib/qc/modules/qc_tester/calculator/resources/media_submit_request.dart
DA:16,1
DA:18,2
DA:20,2
LF:3
LH:3
end_of_record
SF:lib/qc/modules/qc_tester/calculator_media_capture/calculator_media_capture_screen.dart
DA:17,1
DA:19,1
DA:21,1
DA:22,1
DA:23,2
DA:24,2
DA:25,2
DA:26,2
DA:40,5
DA:42,0
DA:44,0
DA:45,0
DA:48,1
DA:52,2
DA:54,1
LF:15
LH:12
end_of_record
SF:lib/qc/modules/qc_tester/calculator_media_capture/resources/journey_type.dart
DA:6,4
DA:7,4
DA:8,4
LF:3
LH:3
end_of_record
SF:lib/qc/modules/qc_tester/audit/models/audit_question_summary_comp_param.dart
DA:12,0
LF:1
LH:0
end_of_record
SF:lib/qc/modules/qc_tester/audit/providers/audit_submission_provider.dart
DA:17,0
DA:18,0
DA:22,0
DA:27,0
DA:29,0
DA:32,0
DA:33,0
DA:34,0
DA:36,0
DA:37,0
DA:39,0
DA:40,0
DA:41,0
DA:42,0
DA:45,0
DA:47,0
DA:50,0
DA:51,0
DA:54,0
DA:55,0
DA:57,0
DA:58,0
DA:59,0
DA:60,0
DA:63,0
DA:65,0
DA:68,0
DA:70,0
DA:72,0
DA:74,0
DA:78,0
DA:79,0
DA:80,0
DA:85,0
DA:87,0
DA:88,0
DA:90,0
DA:95,0
DA:99,0
DA:102,0
DA:103,0
DA:104,0
DA:105,0
DA:106,0
DA:107,0
DA:109,0
DA:112,0
DA:113,0
DA:114,0
DA:115,0
DA:116,0
LF:51
LH:0
end_of_record
SF:lib/qc/modules/qc_tester/audit/widgets/submitted_question_widget.dart
DA:10,0
DA:15,0
DA:17,0
DA:19,0
DA:20,0
DA:21,0
DA:23,0
DA:25,0
DA:26,0
DA:27,0
DA:29,0
DA:30,0
DA:31,0
DA:32,0
DA:38,0
DA:39,0
DA:41,0
DA:42,0
DA:43,0
DA:44,0
LF:20
LH:0
end_of_record
SF:lib/src/common/provider/qc_trc_service_init_provider.dart
DA:10,3
DA:11,3
DA:14,2
DA:15,2
DA:16,2
DA:17,4
DA:19,2
DA:21,2
DA:24,2
DA:26,1
DA:27,2
DA:28,1
DA:29,1
LF:13
LH:13
end_of_record
SF:lib/qc/modules/qc_tester/audit/resources/audit_service.dart
DA:10,1
DA:11,2
DA:14,1
DA:20,1
DA:21,1
DA:22,2
DA:25,3
DA:28,1
DA:30,1
DA:32,2
DA:33,1
LF:11
LH:11
end_of_record
SF:lib/qc/modules/qc_tester/calculator/resources/calculator_service.dart
DA:26,3
DA:27,3
DA:30,3
DA:31,3
DA:32,3
DA:33,6
DA:35,0
DA:37,3
DA:40,3
DA:42,3
DA:43,9
DA:44,3
DA:51,5
DA:52,10
DA:57,1
DA:58,1
DA:59,3
DA:62,2
DA:63,2
DA:64,4
DA:66,4
DA:69,1
DA:71,1
DA:72,2
DA:73,2
DA:74,1
DA:77,3
DA:80,1
DA:81,2
DA:82,1
DA:83,4
DA:86,1
DA:89,2
DA:91,2
DA:94,2
DA:98,1
DA:99,3
DA:102,1
DA:103,1
DA:105,2
DA:106,1
DA:108,1
DA:112,1
DA:113,3
DA:116,1
DA:117,3
DA:120,1
DA:122,1
DA:124,1
DA:125,1
DA:126,1
DA:129,2
DA:130,2
DA:133,3
DA:136,1
DA:137,3
DA:140,1
DA:142,1
DA:143,1
DA:144,1
DA:145,1
DA:146,1
DA:147,1
DA:151,2
DA:153,1
DA:156,3
DA:159,1
DA:160,3
DA:163,1
DA:164,3
LF:70
LH:69
end_of_record
SF:lib/qc/modules/qc_tester/calculator/resources/device_status_response.dart
DA:21,1
DA:23,2
DA:25,2
LF:3
LH:3
end_of_record
SF:lib/qc/modules/qc_tester/audit/resources/check_device_testing_response.dart
DA:11,1
DA:13,5
DA:15,2
DA:17,1
DA:18,1
LF:5
LH:5
end_of_record
SF:lib/qc/modules/qc_tester/audit/resources/audit_submission_response.dart
DA:17,1
DA:24,2
DA:26,2
DA:44,1
DA:53,2
DA:55,2
DA:65,1
DA:70,2
DA:72,2
LF:9
LH:9
end_of_record
SF:lib/qc/modules/qc_tester/audit/screens/audit_question_summary_screen.dart
DA:19,1
DA:22,1
DA:24,1
DA:25,1
DA:26,3
DA:27,3
DA:36,5
DA:38,1
DA:40,1
DA:41,1
DA:43,0
LF:11
LH:10
end_of_record
SF:lib/qc/modules/qc_tester/audit/widgets/audit_pager_widget.dart
DA:12,0
DA:15,0
DA:17,0
DA:18,0
DA:27,0
DA:29,0
DA:30,0
DA:31,0
DA:33,0
DA:34,0
DA:35,0
DA:36,0
DA:37,0
DA:39,0
DA:42,0
DA:43,0
DA:44,0
DA:45,0
DA:47,0
DA:49,0
DA:50,0
DA:51,0
DA:52,0
DA:53,0
DA:55,0
DA:56,0
DA:57,0
DA:60,0
DA:61,0
DA:62,0
DA:63,0
DA:69,0
DA:70,0
DA:71,0
DA:72,0
DA:77,0
DA:79,0
DA:81,0
DA:82,0
DA:83,0
DA:84,0
DA:86,0
DA:87,0
DA:91,0
DA:92,0
DA:93,0
DA:94,0
DA:95,0
DA:96,0
DA:97,0
DA:98,0
DA:99,0
DA:100,0
DA:104,0
DA:106,0
DA:107,0
DA:108,0
DA:110,0
DA:123,0
DA:125,0
DA:132,0
DA:133,0
DA:134,0
DA:135,0
DA:136,0
DA:137,0
DA:138,0
LF:67
LH:0
end_of_record
SF:lib/qc/modules/qc_tester/audit/widgets/question_widget.dart
DA:16,0
DA:24,0
DA:25,0
DA:34,0
DA:36,0
DA:37,0
DA:38,0
DA:39,0
DA:40,0
DA:41,0
DA:42,0
DA:47,0
DA:48,0
DA:49,0
DA:50,0
DA:51,0
DA:52,0
DA:53,0
DA:54,0
DA:55,0
DA:56,0
DA:57,0
DA:58,0
DA:59,0
DA:60,0
DA:62,0
DA:64,0
DA:66,0
DA:67,0
DA:68,0
DA:69,0
DA:70,0
DA:72,0
DA:74,0
DA:76,0
DA:77,0
DA:78,0
DA:79,0
DA:81,0
DA:82,0
DA:83,0
DA:84,0
DA:89,0
DA:90,0
DA:91,0
DA:93,0
DA:94,0
DA:95,0
DA:96,0
DA:97,0
DA:98,0
DA:99,0
DA:100,0
DA:104,0
DA:105,0
DA:106,0
DA:107,0
DA:108,0
DA:109,0
DA:110,0
DA:111,0
DA:112,0
DA:113,0
DA:114,0
DA:120,0
DA:121,0
DA:123,0
DA:124,0
DA:125,0
DA:126,0
DA:132,0
DA:133,0
DA:134,0
DA:136,0
DA:137,0
DA:140,0
DA:142,0
DA:144,0
DA:146,0
DA:150,0
DA:151,0
DA:155,0
DA:156,0
DA:157,0
DA:158,0
DA:159,0
DA:160,0
DA:161,0
DA:162,0
DA:164,0
DA:165,0
DA:167,0
DA:168,0
DA:170,0
DA:171,0
DA:172,0
DA:173,0
DA:174,0
DA:175,0
DA:180,0
DA:183,0
DA:184,0
DA:185,0
DA:189,0
DA:190,0
DA:191,0
DA:192,0
DA:194,0
DA:196,0
DA:197,0
DA:199,0
DA:200,0
DA:202,0
DA:203,0
DA:204,0
DA:208,0
DA:210,0
DA:211,0
DA:212,0
DA:213,0
DA:214,0
DA:215,0
DA:216,0
DA:217,0
DA:218,0
DA:219,0
DA:242,0
LF:127
LH:0
end_of_record
SF:lib/src/utils/media_upload/widgets/image_upload_widget.dart
DA:20,1
DA:27,0
DA:28,0
DA:34,0
DA:36,0
DA:37,0
DA:38,0
DA:40,0
DA:41,0
DA:42,0
DA:44,0
DA:45,0
DA:46,0
DA:48,0
DA:51,0
DA:53,0
DA:54,0
DA:58,0
DA:59,0
DA:60,0
DA:62,0
DA:70,0
DA:71,0
DA:74,0
DA:76,0
DA:80,0
DA:82,0
DA:91,0
DA:92,0
DA:93,0
DA:94,0
DA:97,0
DA:98,0
DA:99,0
DA:101,0
DA:102,0
DA:104,0
DA:106,0
DA:110,0
DA:111,0
DA:117,0
DA:123,0
DA:124,0
DA:126,0
DA:127,0
DA:128,0
DA:137,0
DA:138,0
DA:140,0
DA:141,0
DA:142,0
DA:143,0
DA:145,0
DA:146,0
DA:151,0
DA:152,0
LF:56
LH:1
end_of_record
SF:lib/qc/modules/qc_tester/calculator/component/calculator_component.dart
DA:28,0
DA:30,0
DA:32,0
DA:33,0
DA:35,0
DA:36,0
DA:37,0
DA:38,0
DA:45,0
DA:49,0
DA:52,0
DA:53,0
DA:54,0
DA:55,0
DA:57,0
DA:58,0
DA:65,0
DA:66,0
DA:67,0
DA:68,0
DA:71,0
DA:73,0
DA:76,0
DA:78,0
DA:79,0
DA:84,2
LF:26
LH:1
end_of_record
SF:lib/qc/modules/qc_tester/calculator/models/calculator_data_holder_model.dart
DA:13,1
DA:15,3
DA:27,2
DA:29,0
DA:33,2
DA:35,0
DA:37,0
DA:40,0
DA:41,0
DA:42,0
DA:44,0
DA:48,0
DA:50,0
DA:51,0
DA:52,0
DA:53,0
DA:54,0
DA:57,0
DA:58,0
DA:61,1
DA:62,2
DA:65,0
DA:67,2
DA:69,2
DA:71,0
DA:72,0
DA:73,0
DA:74,0
DA:75,0
DA:76,0
DA:80,0
DA:81,0
DA:82,0
DA:85,1
DA:86,1
DA:87,1
DA:88,1
DA:89,1
DA:90,1
DA:91,1
DA:92,1
DA:93,1
DA:94,1
DA:97,1
DA:98,1
LF:45
LH:20
end_of_record
SF:lib/qc/modules/qc_tester/calculator/resources/my_calculator_response.dart
DA:20,1
DA:41,2
DA:43,2
DA:57,3
DA:59,6
DA:61,4
LF:6
LH:6
end_of_record
SF:lib/qc/modules/qc_tester/calculator/resources/my_quote_request_data.dart
DA:27,2
DA:29,0
DA:30,0
DA:31,0
DA:32,0
DA:33,0
DA:34,0
DA:35,0
DA:36,0
DA:37,0
DA:38,0
DA:39,0
DA:40,0
DA:41,0
DA:42,0
DA:43,0
DA:44,0
DA:45,0
DA:46,0
DA:47,0
DA:48,0
DA:52,2
DA:53,2
DA:54,2
DA:55,2
DA:57,4
DA:58,4
DA:59,4
DA:60,4
DA:61,4
DA:62,2
DA:63,2
LF:32
LH:12
end_of_record
SF:lib/qc/modules/qc_tester/calculator/screens/disputed_questions_screen.dart
DA:17,1
DA:19,1
DA:21,1
DA:22,1
DA:23,3
DA:32,5
DA:34,0
DA:36,0
DA:37,0
DA:39,0
DA:43,1
DA:48,1
DA:49,2
DA:51,0
DA:52,0
LF:15
LH:9
end_of_record
SF:lib/src/common/calculator_analytics/calculator_analytics_helper.dart
DA:17,0
DA:19,0
DA:21,0
DA:22,0
DA:25,0
DA:27,0
DA:30,0
DA:32,0
DA:35,0
DA:37,0
DA:40,0
DA:42,0
DA:43,0
DA:44,0
DA:47,0
DA:48,0
DA:51,0
DA:52,0
DA:53,0
DA:54,0
DA:59,0
DA:61,0
DA:64,0
DA:66,0
LF:24
LH:0
end_of_record
SF:lib/qc/modules/qc_tester/calculator/component/calculator_scanner_component.dart
DA:17,0
DA:19,0
DA:24,2
LF:3
LH:1
end_of_record
SF:lib/qc/modules/qc_tester/calculator/widgets/calculator_scanner_widget.dart
DA:21,5
DA:23,0
DA:24,0
DA:35,0
DA:37,0
DA:38,0
DA:40,0
DA:41,0
DA:46,0
DA:47,0
DA:48,0
DA:49,0
DA:50,0
DA:52,0
DA:55,0
DA:60,0
DA:61,0
DA:62,0
DA:63,0
DA:64,0
DA:65,0
DA:66,0
DA:67,0
DA:68,0
DA:70,0
DA:77,0
DA:78,0
DA:79,0
DA:80,0
DA:82,0
DA:83,0
DA:84,0
DA:85,0
DA:90,0
DA:92,0
DA:93,0
DA:95,0
DA:96,0
DA:97,0
DA:98,0
DA:99,0
DA:101,0
DA:103,0
DA:104,0
DA:105,0
DA:106,0
DA:107,0
DA:108,0
DA:109,0
DA:110,0
DA:111,0
DA:112,0
DA:114,0
DA:115,0
DA:116,0
DA:123,0
DA:124,0
DA:125,0
DA:130,0
DA:131,0
DA:132,0
DA:137,0
DA:139,0
DA:140,0
DA:141,0
DA:142,0
DA:143,0
DA:144,0
DA:145,0
DA:147,0
DA:148,0
DA:149,0
DA:150,0
DA:153,0
DA:154,0
DA:155,0
DA:156,0
DA:157,0
LF:78
LH:1
end_of_record
SF:lib/qc/modules/qc_tester/calculator/component/disputed_question_component.dart
DA:24,0
DA:26,0
DA:28,0
DA:29,0
DA:30,0
DA:31,0
DA:32,0
DA:33,0
DA:34,0
DA:36,0
DA:38,0
DA:39,0
DA:41,0
DA:42,0
DA:44,0
DA:45,0
DA:46,0
DA:47,0
DA:48,0
DA:50,0
DA:51,0
DA:53,0
DA:54,0
DA:56,0
DA:60,0
DA:63,0
DA:66,0
DA:68,0
DA:69,0
DA:70,0
DA:71,0
DA:83,2
LF:32
LH:1
end_of_record
SF:lib/qc/modules/qc_tester/calculator/models/disputed_question_comp_param.dart
DA:11,0
LF:1
LH:0
end_of_record
SF:lib/qc/modules/qc_tester/calculator/providers/disputed_question_provider.dart
DA:8,0
DA:9,0
DA:14,2
DA:16,1
DA:18,1
DA:19,2
DA:20,1
DA:21,1
DA:24,1
DA:25,1
DA:26,6
DA:28,2
DA:29,2
LF:13
LH:11
end_of_record
SF:lib/qc/modules/qc_tester/calculator/component/submit_device_quote_component.dart
DA:18,0
DA:20,0
DA:25,2
LF:3
LH:1
end_of_record
SF:lib/qc/modules/qc_tester/calculator/widgets/submit_device_quote_widget.dart
DA:20,5
DA:22,0
DA:24,0
DA:25,0
DA:33,5
DA:35,0
DA:36,0
DA:40,0
DA:42,0
DA:43,0
DA:44,0
DA:45,0
DA:46,0
DA:47,0
DA:48,0
DA:50,0
DA:55,0
DA:57,0
DA:58,0
DA:60,0
DA:61,0
DA:62,0
DA:63,0
DA:64,0
DA:68,0
DA:74,0
DA:78,0
DA:79,0
DA:81,0
DA:82,0
DA:83,0
DA:84,0
DA:85,0
DA:87,0
DA:89,0
DA:90,0
DA:92,0
DA:93,0
DA:94,0
DA:95,0
DA:102,0
DA:103,0
DA:105,0
DA:106,0
DA:107,0
DA:110,0
DA:111,0
DA:113,0
DA:114,0
DA:115,0
DA:116,0
DA:118,0
DA:119,0
DA:120,0
DA:121,0
DA:126,0
DA:127,0
DA:129,0
DA:130,0
DA:143,0
DA:144,0
DA:145,0
DA:147,0
DA:148,0
DA:149,0
DA:151,0
DA:155,0
DA:158,0
DA:161,0
DA:164,0
DA:165,0
DA:169,0
DA:171,0
DA:172,0
DA:176,0
DA:179,0
DA:181,0
DA:185,0
DA:187,0
DA:190,0
DA:192,0
DA:193,0
DA:194,0
DA:196,0
DA:197,0
DA:199,0
DA:200,0
DA:201,0
DA:203,0
DA:206,0
DA:207,0
DA:209,0
DA:210,0
DA:211,0
DA:212,0
DA:213,0
DA:214,0
DA:215,0
DA:216,0
DA:217,0
DA:218,0
DA:219,0
DA:224,0
DA:230,0
DA:231,0
DA:233,0
DA:234,0
DA:235,0
DA:236,0
DA:249,0
DA:250,0
DA:251,0
DA:258,0
DA:260,0
DA:261,0
DA:263,0
DA:264,0
DA:266,0
DA:267,0
DA:269,0
DA:271,0
DA:273,0
DA:275,0
DA:280,0
DA:284,0
DA:286,0
DA:287,0
DA:288,0
DA:289,0
DA:290,0
DA:296,0
DA:297,0
DA:298,0
LF:133
LH:2
end_of_record
SF:lib/qc/modules/qc_tester/lob_devices/resources/variant_list_response.dart
DA:14,1
DA:16,2
DA:18,1
DA:19,1
DA:39,3
DA:41,2
DA:43,2
LF:7
LH:7
end_of_record
SF:lib/qc/modules/qc_tester/calculator/providers/calculator_scanner_provider.dart
DA:12,0
DA:13,0
DA:16,0
DA:17,0
DA:18,0
DA:19,0
DA:21,0
DA:23,0
DA:25,0
DA:26,0
DA:28,0
DA:31,0
DA:32,0
DA:33,0
DA:34,0
DA:35,0
DA:36,0
DA:38,0
DA:41,0
DA:42,0
DA:43,0
DA:44,0
DA:45,0
DA:46,0
DA:48,0
LF:25
LH:0
end_of_record
SF:lib/qc/modules/qc_tester/lob_devices/resources/brand_list_response.dart
DA:11,2
DA:16,2
DA:18,6
DA:19,2
DA:20,2
DA:21,8
DA:22,2
DA:24,2
DA:25,2
DA:30,2
DA:33,2
DA:34,2
DA:45,2
DA:50,2
DA:52,4
DA:53,2
DA:54,4
DA:55,2
DA:60,2
DA:63,4
LF:20
LH:20
end_of_record
SF:lib/qc/modules/qc_tester/lob_devices/resources/device_detail_response.dart
DA:11,2
DA:13,4
DA:15,1
DA:16,1
DA:49,2
DA:52,4
DA:54,4
DA:74,3
DA:76,6
DA:78,4
LF:10
LH:10
end_of_record
SF:lib/qc/modules/qc_tester/calculator/providers/submit_device_quote_provider.dart
DA:35,0
DA:36,0
DA:39,2
DA:40,3
DA:41,3
DA:42,3
DA:43,3
DA:44,3
DA:47,0
DA:48,0
DA:51,0
DA:52,0
DA:53,0
DA:59,0
DA:60,0
DA:61,0
DA:62,0
DA:64,0
DA:65,0
DA:66,0
DA:68,0
DA:69,0
DA:70,0
DA:71,0
DA:72,0
DA:73,0
DA:74,0
DA:75,0
DA:76,0
DA:77,0
DA:79,0
DA:81,0
DA:82,0
DA:83,0
DA:84,0
DA:85,0
DA:86,0
DA:87,0
DA:88,0
DA:89,0
DA:93,0
DA:94,0
DA:95,0
DA:96,0
DA:97,0
DA:98,0
DA:99,0
DA:101,0
DA:105,0
DA:106,0
DA:107,0
DA:108,0
DA:109,0
DA:113,0
DA:114,0
DA:115,0
DA:121,0
DA:122,0
DA:125,0
DA:127,0
DA:128,0
DA:130,0
DA:132,0
DA:136,0
DA:137,0
DA:138,0
DA:142,0
DA:143,0
DA:145,0
DA:147,0
DA:148,0
DA:150,0
DA:152,0
DA:153,0
DA:157,0
DA:161,0
DA:162,0
DA:163,0
DA:164,0
DA:165,0
DA:166,0
DA:167,0
DA:169,0
DA:172,0
DA:173,0
DA:174,0
DA:175,0
DA:176,0
DA:177,0
DA:179,0
DA:182,1
DA:184,2
DA:185,1
DA:188,0
DA:189,0
DA:190,0
DA:191,0
DA:192,0
DA:193,0
DA:195,0
DA:197,0
DA:199,0
DA:200,0
DA:201,0
DA:205,0
DA:206,0
DA:207,0
DA:208,0
DA:209,0
DA:210,0
DA:213,0
DA:214,0
DA:217,0
DA:218,0
DA:219,0
DA:223,0
DA:224,0
DA:227,1
DA:228,1
DA:229,1
LF:120
LH:12
end_of_record
SF:lib/qc/modules/qc_tester/calculator/resources/manual_question_list_response.dart
DA:12,1
DA:14,2
DA:16,1
DA:17,1
DA:29,1
DA:31,2
DA:33,2
LF:7
LH:7
end_of_record
SF:lib/src/libraries/analytics/analytics_controller.dart
DA:9,5
DA:10,5
DA:14,1
DA:15,1
DA:16,2
DA:18,1
DA:19,1
DA:22,0
DA:28,1
DA:29,1
DA:30,1
DA:31,1
DA:35,1
DA:37,2
DA:39,1
DA:42,1
DA:47,0
LF:17
LH:15
end_of_record
SF:lib/src/libraries/analytics/events/additional_questions_selected_event.dart
DA:9,0
DA:11,0
DA:13,0
DA:16,0
DA:18,0
DA:21,0
DA:23,0
DA:24,0
DA:25,0
LF:9
LH:0
end_of_record
SF:lib/qc/modules/qc_tester/calculator/resources/calculator_submit_response.dart
DA:15,1
DA:17,2
DA:19,2
LF:3
LH:3
end_of_record
SF:lib/qc/modules/qc_tester/calculator/resources/device_colors_response.dart
DA:15,1
DA:17,2
DA:19,2
LF:3
LH:3
end_of_record
SF:lib/qc/modules/qc_tester/calculator/resources/device_media_response.dart
DA:14,3
DA:16,4
DA:18,2
DA:34,4
DA:36,4
DA:38,4
LF:6
LH:6
end_of_record
SF:lib/qc/modules/qc_tester/calculator/resources/qc_calculator_service.dart
DA:6,4
DA:8,4
LF:2
LH:2
end_of_record
SF:lib/qc/modules/qc_tester/lob_devices/resources/category_response.dart
DA:12,1
DA:17,1
DA:19,2
DA:20,1
DA:21,2
DA:22,1
DA:24,2
DA:25,1
DA:30,1
DA:33,1
DA:34,1
LF:11
LH:11
end_of_record
SF:lib/qc/modules/qc_tester/lob_devices/resources/lob_product_list_response.dart
DA:14,2
DA:16,1
DA:17,1
DA:19,2
DA:35,2
DA:37,1
DA:38,1
DA:40,2
LF:8
LH:8
end_of_record
SF:lib/trc/trc_calculator_service.dart
DA:6,1
DA:8,1
LF:2
LH:2
end_of_record
SF:lib/qc/modules/qc_tester/calculator/screens/calculation_screen.dart
DA:13,5
DA:15,0
LF:2
LH:1
end_of_record
SF:lib/qc/modules/qc_tester/calculator/screens/calculator_scanner_screen.dart
DA:13,5
DA:15,0
LF:2
LH:1
end_of_record
SF:lib/qc/modules/qc_tester/calculator/screens/submit_device_quote_screen.dart
DA:13,5
DA:15,0
LF:2
LH:1
end_of_record
SF:lib/qc/modules/qc_tester/lob_devices/dialogs/select_brand_bottom_sheet.dart
DA:9,0
DA:11,0
DA:15,0
DA:17,0
DA:18,0
DA:19,0
DA:21,0
DA:28,0
DA:30,0
DA:34,0
DA:36,0
DA:37,0
DA:38,0
DA:40,0
DA:50,0
DA:54,0
DA:56,0
DA:57,0
DA:58,0
DA:62,0
DA:65,0
DA:67,0
DA:68,0
DA:69,0
DA:72,0
LF:25
LH:0
end_of_record
SF:lib/qc/modules/qc_tester/lob_devices/screens/color_selection_screen.dart
DA:14,1
DA:18,1
DA:20,1
DA:21,1
DA:22,2
DA:23,2
DA:24,2
DA:38,5
DA:40,0
DA:42,0
DA:43,0
DA:46,1
DA:48,1
DA:49,2
LF:14
LH:11
end_of_record
SF:lib/qc/modules/qc_tester/lob_devices/screens/product_list_screen.dart
DA:20,1
DA:27,1
DA:29,2
DA:30,2
DA:31,2
DA:32,2
DA:33,2
DA:34,2
DA:35,2
DA:48,5
DA:50,0
DA:52,0
DA:53,0
DA:56,0
DA:65,0
DA:66,0
DA:72,0
DA:73,0
DA:74,0
LF:19
LH:10
end_of_record
SF:lib/qc/modules/qc_tester/calculator/widgets/qc_alert_pop_widget.dart
DA:4,0
DA:5,0
DA:8,0
DA:9,0
DA:10,0
DA:12,0
DA:14,0
DA:16,0
DA:17,0
DA:18,0
DA:20,0
DA:21,0
DA:23,0
DA:31,0
DA:33,0
LF:15
LH:0
end_of_record
SF:lib/src/common/widgets/multiple_image_upload_screen.dart
DA:22,1
DA:25,1
DA:26,1
DA:34,1
DA:36,5
DA:37,1
DA:39,1
DA:41,1
DA:42,1
DA:43,1
DA:44,1
DA:45,4
DA:46,2
DA:47,1
DA:48,2
DA:49,1
DA:50,2
DA:51,1
DA:55,2
DA:56,0
DA:57,0
DA:58,0
DA:60,0
DA:61,0
DA:62,0
DA:63,0
DA:68,0
DA:69,0
DA:70,0
DA:71,0
DA:72,0
DA:77,0
DA:78,0
DA:79,0
DA:89,1
DA:91,1
DA:93,3
DA:94,0
DA:95,0
DA:96,0
DA:98,0
DA:99,0
DA:100,0
DA:101,0
DA:102,0
DA:103,0
DA:104,0
DA:105,0
DA:117,0
DA:118,0
DA:119,0
DA:120,0
DA:121,0
DA:123,0
DA:125,0
DA:127,0
DA:130,0
DA:131,0
LF:58
LH:22
end_of_record
SF:lib/src/libraries/analytics/events/additional_questions_view_event.dart
DA:8,0
DA:10,0
DA:12,0
DA:15,0
DA:17,0
DA:20,0
DA:22,0
DA:23,0
LF:8
LH:0
end_of_record
SF:lib/src/libraries/analytics/events/end_testing_session_event.dart
DA:9,1
DA:11,1
DA:13,2
DA:16,1
DA:18,2
DA:21,1
DA:23,1
DA:24,2
DA:25,2
LF:9
LH:9
end_of_record
SF:lib/src/modules/trc_tester/trc_tester_screen.dart
DA:13,5
DA:15,0
LF:2
LH:1
end_of_record
SF:lib/qc/modules/qc_tester/calculator_media_capture/models/calculator_media_capture_comp_param.dart
DA:19,0
LF:1
LH:0
end_of_record
SF:lib/qc/modules/qc_tester/calculator_media_capture/components/calculator_media_capture_component.dart
DA:23,1
DA:25,0
DA:27,0
DA:28,0
DA:29,0
DA:30,0
DA:31,0
DA:32,0
DA:33,0
DA:36,0
DA:42,2
LF:11
LH:2
end_of_record
SF:lib/qc/modules/qc_tester/calculator_media_capture/providers/calculator_media_capture_provider.dart
DA:23,2
DA:25,1
DA:26,3
DA:30,6
DA:31,2
DA:38,0
DA:39,0
DA:42,0
DA:44,0
DA:45,0
DA:46,0
DA:47,0
DA:48,0
DA:51,0
DA:53,0
DA:54,0
DA:57,0
DA:58,0
DA:59,0
DA:60,0
DA:62,0
DA:63,0
DA:65,0
DA:66,0
DA:67,0
DA:68,0
DA:69,0
DA:73,0
DA:74,0
DA:75,0
DA:77,0
DA:79,0
DA:81,0
DA:82,0
DA:83,0
DA:84,0
DA:86,0
LF:37
LH:5
end_of_record
SF:lib/qc/modules/qc_tester/calculator_media_capture/widgets/calculator_media_capture_widget.dart
DA:17,0
DA:19,0
DA:20,0
DA:24,0
DA:26,0
DA:27,0
DA:28,0
DA:29,0
DA:32,0
DA:35,0
DA:36,0
DA:39,0
[...]
DA:22,0
DA:24,0
DA:26,0
DA:27,0
DA:33,0
LF:5
LH:0
end_of_record
SF:lib/src/modules/rider/pending_pickup/receive/widgets/pickup_receive_engineer_parts_widget.dart
DA:17,1
DA:20,1
DA:22,1
DA:23,1
DA:27,1
DA:29,1
DA:31,3
DA:33,1
DA:34,1
DA:35,4
DA:36,1
DA:37,1
DA:38,4
DA:39,0
DA:40,0
DA:42,0
DA:56,1
DA:58,1
DA:60,1
DA:62,1
DA:64,1
DA:65,1
DA:66,1
DA:68,0
DA:69,0
DA:70,0
DA:71,0
DA:72,0
DA:74,0
DA:75,0
DA:76,0
DA:78,0
DA:79,0
DA:80,0
DA:81,0
DA:82,0
DA:83,0
DA:87,0
DA:89,0
DA:90,0
DA:91,0
DA:92,0
DA:93,0
DA:94,0
DA:95,0
DA:96,0
DA:97,0
DA:98,0
DA:99,0
DA:100,0
DA:101,0
DA:102,0
DA:103,0
DA:105,0
DA:106,0
DA:109,0
DA:125,2
LF:57
LH:21
end_of_record
SF:lib/src/modules/rider/pending_pickup/receive/pickup_receive_engineer_parts_screen.dart
DA:18,0
DA:20,0
DA:21,0
DA:22,0
DA:31,5
DA:33,0
DA:35,0
DA:37,0
DA:39,0
LF:9
LH:1
end_of_record
SF:lib/src/modules/rider/pending_pickup/receive/providers/pickup_receive_engineer_parts_presenter.dart
DA:6,0
DA:7,0
LF:2
LH:0
end_of_record
SF:lib/src/modules/rider/pending_pickup/receive/resources/pickup_receive_api_service.dart
DA:8,3
DA:9,6
DA:12,1
DA:13,1
DA:14,2
DA:16,2
DA:19,0
DA:20,0
DA:21,0
DA:22,0
DA:24,0
LF:11
LH:6
end_of_record
SF:lib/src/modules/rider/pending_pickup/receive/providers/pickup_receive_provider.dart
DA:14,3
DA:15,3
DA:16,6
DA:19,3
DA:20,3
DA:21,6
DA:22,0
DA:23,0
DA:24,3
DA:25,3
DA:26,3
DA:27,3
DA:31,1
DA:33,1
DA:34,1
DA:37,1
DA:38,2
DA:39,0
DA:40,0
DA:41,1
LF:20
LH:16
end_of_record
SF:lib/src/modules/rider/pending_pickup/receive/widgets/pickup_receive_barcode_scanner_widget.dart
DA:13,2
DA:17,1
DA:19,1
DA:20,1
DA:21,2
DA:22,1
DA:23,1
DA:24,1
DA:25,1
DA:26,1
DA:27,4
DA:28,1
DA:29,1
DA:30,2
DA:32,1
DA:33,1
DA:34,2
DA:38,1
DA:39,1
DA:40,0
DA:41,0
DA:46,1
DA:48,2
DA:51,1
DA:53,1
DA:54,1
DA:55,1
DA:58,1
DA:59,1
DA:60,0
DA:61,0
LF:31
LH:27
end_of_record
SF:lib/src/modules/rubbing/components/receive_rubbing_device_comp.dart
DA:27,0
DA:29,0
DA:31,0
DA:32,0
DA:33,0
DA:34,0
DA:35,0
DA:36,0
DA:37,0
DA:38,0
DA:39,0
DA:40,0
DA:42,0
DA:43,0
DA:44,0
DA:45,0
DA:46,0
DA:50,0
DA:51,0
DA:52,0
DA:54,0
DA:55,0
DA:66,0
LF:23
LH:0
end_of_record
SF:lib/src/modules/rubbing/model/received_rubbing_device_comp_param.dart
DA:8,0
LF:1
LH:0
end_of_record
SF:lib/src/modules/rubbing/providers/received_devices_provider.dart
DA:20,1
DA:21,3
DA:22,2
DA:23,1
DA:24,1
DA:27,2
DA:29,0
DA:30,0
DA:32,1
DA:33,3
DA:34,0
DA:35,1
DA:36,2
DA:40,0
DA:41,0
DA:43,0
DA:44,0
DA:45,0
DA:46,0
DA:47,0
DA:50,0
DA:53,0
DA:56,0
DA:57,0
DA:58,0
DA:61,0
DA:65,0
DA:66,0
DA:67,0
DA:68,0
DA:72,0
DA:73,0
DA:75,1
DA:77,1
DA:78,1
LF:35
LH:13
end_of_record
SF:lib/src/modules/rubbing/widgets/received_devices_list_widget.dart
DA:17,0
DA:19,0
DA:20,0
DA:26,0
DA:27,0
DA:28,0
DA:38,0
DA:51,0
DA:52,0
DA:55,0
DA:57,0
DA:60,0
DA:61,0
DA:65,0
DA:66,0
DA:72,0
DA:74,0
DA:76,0
DA:87,0
DA:88,0
DA:90,0
DA:92,0
DA:93,0
DA:94,0
DA:96,0
DA:97,0
DA:98,0
DA:99,0
DA:100,0
DA:101,0
DA:103,0
DA:104,0
DA:106,0
DA:108,0
DA:110,0
DA:111,0
DA:112,0
DA:113,0
DA:114,0
DA:118,0
DA:119,0
DA:120,0
DA:124,0
DA:135,0
DA:137,0
DA:139,0
DA:148,0
DA:149,0
DA:152,0
DA:154,0
DA:155,0
DA:156,0
DA:169,0
DA:180,0
DA:189,0
DA:190,0
DA:191,0
DA:193,0
DA:194,0
DA:195,0
DA:198,0
DA:199,0
DA:201,0
DA:202,0
DA:203,0
DA:204,0
DA:208,0
DA:210,0
DA:212,0
DA:213,0
DA:217,0
DA:218,0
DA:220,0
DA:221,0
DA:222,0
DA:223,0
DA:230,0
DA:233,0
DA:236,0
DA:237,0
DA:238,0
DA:239,0
DA:240,0
DA:242,0
DA:243,0
DA:245,0
DA:247,0
DA:248,0
DA:249,0
DA:250,0
DA:251,0
DA:252,0
DA:253,0
DA:254,0
DA:257,0
DA:258,0
DA:259,0
DA:261,0
DA:262,0
DA:263,0
DA:264,0
DA:268,0
DA:273,0
DA:274,0
DA:276,0
DA:279,0
DA:281,0
DA:283,0
DA:284,0
DA:285,0
DA:295,0
DA:296,0
DA:298,0
DA:299,0
LF:114
LH:0
end_of_record
SF:lib/src/modules/rubbing/components/rubbing_home_component.dart
DA:28,0
DA:30,0
DA:32,0
DA:33,0
DA:34,0
DA:36,0
DA:37,0
DA:40,0
DA:42,0
DA:43,0
DA:44,0
DA:45,0
DA:47,0
DA:48,0
DA:50,0
DA:59,0
DA:60,0
DA:61,0
DA:62,0
DA:78,0
DA:80,0
DA:81,0
DA:82,0
DA:83,0
DA:84,0
DA:85,0
DA:86,0
DA:87,0
DA:88,0
DA:90,0
DA:96,0
LF:31
LH:0
end_of_record
SF:lib/src/modules/rubbing/widgets/received_rubbing_devices_screen.dart
DA:18,2
DA:20,1
DA:21,1
DA:22,3
DA:31,5
DA:33,0
DA:35,0
DA:36,0
DA:38,0
LF:9
LH:5
end_of_record
SF:lib/src/modules/rubbing/model/glass_change_fail_reason_response.dart
DA:11,1
DA:12,1
DA:13,3
DA:14,2
DA:19,1
DA:21,1
DA:22,1
DA:24,0
DA:25,0
DA:32,1
LF:10
LH:8
end_of_record
SF:lib/src/modules/rubbing/model/rubbing_device_data.dart
DA:22,0
DA:24,0
LF:2
LH:0
end_of_record
SF:lib/src/modules/rubbing/model/rubbing_device_receive_response.dart
DA:17,0
DA:19,0
DA:20,0
DA:22,0
DA:23,0
LF:5
LH:0
end_of_record
SF:lib/src/modules/rubbing/model/rubbing_devices_request.dart
DA:14,0
DA:16,0
LF:2
LH:0
end_of_record
SF:lib/src/modules/rubbing/model/search_query.dart
DA:9,0
DA:11,0
LF:2
LH:0
end_of_record
SF:lib/src/modules/rubbing/model/rubbing_devices_response.dart
DA:18,0
DA:20,0
DA:22,0
DA:23,0
LF:4
LH:0
end_of_record
SF:lib/src/modules/rubbing/model/rubbing_list_data.dart
DA:14,0
DA:15,0
LF:2
LH:0
end_of_record
SF:lib/src/modules/rubbing/model/rubbing_done_response.dart
DA:17,0
DA:19,0
DA:21,0
DA:22,0
LF:4
LH:0
end_of_record
SF:lib/src/modules/rubbing/resources/domain/received_devices_interactor_Impl.dart
DA:13,0
DA:16,0
DA:19,0
DA:21,0
DA:24,0
DA:26,0
DA:29,1
DA:31,1
LF:8
LH:2
end_of_record
SF:lib/src/modules/rubbing/resources/rubbing_api_service.dart
DA:17,0
DA:19,0
DA:20,0
DA:21,0
DA:22,0
DA:25,0
DA:28,0
DA:30,0
DA:31,0
DA:33,0
DA:36,0
DA:37,0
DA:38,0
DA:39,0
DA:42,1
DA:43,2
LF:16
LH:2
end_of_record
SF:lib/src/modules/splash/components/splash_component.dart
DA:19,0
DA:21,0
DA:26,0
LF:3
LH:0
end_of_record
SF:lib/src/modules/splash/widgets/splash_widget.dart
DA:15,10
DA:17,0
DA:18,0
DA:24,0
DA:26,0
DA:27,0
DA:28,0
DA:29,0
DA:30,0
DA:31,0
DA:37,0
DA:40,0
DA:41,0
DA:42,0
DA:43,0
DA:44,0
DA:48,0
DA:49,0
DA:50,0
DA:51,0
DA:52,0
DA:53,0
DA:55,0
DA:56,0
DA:57,0
DA:58,0
DA:59,0
DA:64,0
DA:66,0
DA:67,0
DA:68,0
DA:69,0
DA:73,0
DA:74,0
DA:75,0
LF:35
LH:1
end_of_record
SF:lib/src/modules/store_manager/components/store_manager_home_component.dart
DA:21,0
DA:23,0
DA:25,0
DA:27,0
DA:30,0
DA:31,0
DA:33,0
DA:34,0
DA:38,0
DA:39,0
DA:40,0
DA:41,0
DA:46,0
DA:48,0
DA:49,0
DA:56,0
LF:16
LH:0
end_of_record
SF:lib/src/modules/trc_executive/components/device_scanner_comp.dart
DA:22,0
DA:24,0
DA:26,0
DA:27,0
DA:31,0
LF:5
LH:0
end_of_record
SF:lib/src/modules/trc_executive/models/device_scanner_screen_arguments_model.dart
DA:10,1
LF:1
LH:1
end_of_record
SF:lib/src/modules/trc_executive/widgets/device_scanner_widget.dart
DA:15,0
DA:17,0
DA:19,0
DA:20,0
DA:21,0
DA:22,0
DA:24,0
DA:25,0
DA:26,0
DA:27,0
DA:28,0
DA:31,0
DA:32,0
DA:33,0
DA:34,0
DA:35,0
DA:36,0
DA:37,0
DA:42,0
DA:43,0
DA:44,0
DA:45,0
DA:46,0
DA:47,0
DA:48,0
DA:49,0
DA:50,0
DA:51,0
DA:52,0
DA:54,0
DA:55,0
DA:56,0
DA:57,0
DA:68,0
DA:69,0
DA:70,0
DA:71,0
DA:73,0
DA:75,0
DA:79,0
DA:80,0
DA:81,0
DA:82,0
DA:83,0
DA:84,0
DA:85,0
DA:87,0
DA:88,0
DA:89,0
DA:90,0
DA:92,0
DA:100,0
DA:101,0
DA:102,0
DA:103,0
DA:104,0
DA:105,0
DA:106,0
DA:109,0
DA:110,0
LF:60
LH:0
end_of_record
SF:lib/src/modules/trc_executive/components/tl_list_component.dart
DA:21,0
DA:23,0
DA:25,0
DA:26,0
DA:31,0
LF:5
LH:0
end_of_record
SF:lib/src/modules/trc_executive/providers/tl_list_provider.dart
DA:12,0
DA:13,0
DA:16,0
DA:17,0
DA:18,0
DA:19,0
DA:20,0
DA:22,0
DA:24,0
DA:25,0
DA:27,0
LF:11
LH:0
end_of_record
SF:lib/src/modules/trc_executive/widgets/tl_list_widget.dart
DA:12,5
DA:14,1
DA:15,1
DA:19,0
DA:21,0
DA:22,0
DA:23,0
DA:24,0
DA:25,0
DA:26,0
DA:28,0
DA:29,0
DA:30,0
DA:31,0
DA:32,0
DA:36,0
DA:37,0
DA:38,0
DA:39,0
DA:40,0
DA:41,0
DA:43,0
DA:44,0
DA:46,0
DA:47,0
DA:49,0
DA:55,0
DA:57,0
DA:58,0
DA:59,0
DA:60,0
DA:62,0
DA:63,0
DA:65,0
DA:80,0
DA:82,0
DA:83,0
DA:84,0
DA:85,0
DA:86,0
LF:40
LH:3
end_of_record
SF:lib/src/modules/trc_executive/components/trc_executive_component.dart
DA:18,0
DA:20,0
DA:22,0
DA:25,0
LF:4
LH:0
end_of_record
SF:lib/src/modules/trc_executive/models/trc_executive_config_model.dart
DA:15,2
DA:19,4
LF:2
LH:2
end_of_record
SF:lib/src/modules/trc_executive/widgets/trc_executive_widget.dart
DA:17,1
DA:22,0
DA:24,0
DA:25,0
DA:26,0
DA:28,0
DA:32,0
DA:33,0
DA:34,0
DA:35,0
DA:36,0
DA:38,0
DA:39,0
DA:40,0
DA:41,0
DA:42,0
DA:43,0
DA:48,0
DA:49,0
DA:50,0
DA:51,0
DA:60,0
DA:61,0
DA:62,0
DA:63,0
DA:64,0
DA:65,0
DA:66,0
DA:68,0
DA:69,0
DA:70,0
DA:71,0
DA:76,0
DA:77,0
DA:78,0
DA:79,0
DA:81,0
DA:82,0
DA:83,0
DA:86,0
DA:87,0
DA:89,0
DA:90,0
DA:91,0
DA:93,0
DA:98,0
DA:100,0
DA:101,0
DA:102,0
DA:103,0
DA:104,0
DA:109,0
DA:111,0
DA:112,0
DA:113,0
DA:114,0
DA:115,0
DA:119,0
DA:120,0
DA:121,0
DA:122,0
DA:123,0
DA:124,0
LF:63
LH:1
end_of_record
SF:lib/src/modules/trc_executive/models/device_receive_response.dart
DA:10,2
DA:15,4
DA:17,1
DA:18,1
DA:47,2
DA:58,4
DA:60,4
LF:7
LH:7
end_of_record
SF:lib/src/modules/trc_executive/models/tl_list_response.dart
DA:11,2
DA:13,4
DA:15,2
DA:16,2
DA:27,2
DA:29,4
DA:31,4
LF:7
LH:7
end_of_record
SF:lib/src/modules/trc_executive/providers/device_scanner_provider.dart
DA:13,4
DA:15,2
DA:16,2
DA:17,2
DA:20,0
DA:21,0
DA:24,2
DA:26,0
DA:27,0
DA:28,0
DA:29,0
DA:30,0
DA:32,0
DA:34,0
DA:35,0
DA:36,0
DA:38,0
LF:17
LH:5
end_of_record
SF:lib/src/modules/trc_executive/resources/device_scanner_service.dart
DA:10,0
DA:11,0
DA:12,0
DA:14,0
DA:17,0
DA:18,0
DA:19,0
DA:20,0
DA:22,0
DA:24,0
DA:27,0
DA:28,0
DA:31,0
DA:32,0
DA:33,0
DA:34,0
LF:16
LH:0
end_of_record
SF:lib/src/modules/trc_executive/providers/trc_executive_store_out_provider.dart
DA:13,0
DA:15,0
DA:16,0
DA:19,0
DA:21,0
DA:22,0
DA:23,0
DA:24,0
DA:25,0
DA:26,0
DA:27,0
DA:28,0
DA:30,0
LF:13
LH:0
end_of_record
SF:lib/src/modules/trc_executive/screens/device_scanner_screen.dart
DA:12,0
DA:14,0
DA:26,5
DA:28,0
DA:30,0
DA:31,0
DA:34,0
DA:35,0
LF:8
LH:1
end_of_record
SF:lib/src/modules/trc_executive/screens/tl_list_screen.dart
DA:13,5
DA:15,0
LF:2
LH:1
end_of_record
SF:lib/src/modules/trc_executive/screens/trc_executive_store_out_screen.dart
DA:15,0
DA:21,0
DA:22,0
DA:25,5
DA:27,0
DA:29,0
DA:30,0
DA:31,0
DA:32,0
DA:33,0
DA:34,0
DA:41,0
DA:43,0
DA:45,0
DA:46,0
DA:47,0
DA:48,0
DA:49,0
DA:50,0
DA:53,0
DA:54,0
DA:55,0
DA:56,0
DA:57,0
DA:58,0
DA:59,0
DA:60,0
DA:61,0
DA:63,0
DA:64,0
DA:65,0
DA:66,0
DA:68,0
DA:76,0
DA:77,0
DA:78,0
DA:79,0
DA:80,0
DA:81,0
DA:82,0
DA:83,0
DA:84,0
DA:85,0
DA:86,0
DA:88,0
DA:89,0
DA:90,0
DA:91,0
DA:92,0
LF:49
LH:1
end_of_record
SF:lib/src/modules/trc_tester/components/trc_tester_component.dart
DA:20,0
DA:22,0
DA:24,0
DA:26,0
DA:29,0
DA:30,0
DA:32,0
DA:33,0
DA:37,0
DA:39,0
DA:40,0
DA:44,0
DA:45,0
DA:46,0
DA:47,0
DA:58,0
LF:16
LH:0
end_of_record
SF:lib/src/utils/platforms.dart
DA:4,2
DA:6,2
DA:8,2
DA:10,2
LF:4
LH:4
end_of_record
SF:lib/src/utils/misc.dart
DA:3,2
DA:5,2
DA:11,2
DA:16,2
DA:17,2
DA:19,2
DA:22,2
DA:23,8
LF:8
LH:8
end_of_record
SF:lib/src/interceptors/cashify_alert_interceptor.dart
DA:12,1
DA:14,3
DA:15,1
DA:17,6
DA:20,5
DA:21,1
DA:22,0
DA:23,0
DA:26,2
DA:30,1
LF:10
LH:8
end_of_record
SF:lib/src/interceptors/interceptors_helper.dart
DA:6,1
DA:7,1
LF:2
LH:2
end_of_record
SF:lib/qc/modules/data_wipe/providers/data_wipe_filter_provider.dart
DA:17,0
DA:18,0
DA:21,2
DA:22,2
DA:23,2
DA:26,4
DA:28,1
DA:29,3
DA:32,3
DA:35,0
DA:36,0
DA:37,0
DA:38,0
DA:42,1
DA:43,3
DA:46,2
DA:47,4
DA:48,0
DA:49,0
DA:50,0
DA:51,0
DA:53,0
DA:54,2
DA:55,6
DA:56,2
DA:57,2
DA:58,2
DA:62,0
DA:63,0
DA:64,0
DA:65,0
DA:66,0
DA:67,0
DA:74,1
DA:75,2
DA:76,2
DA:78,3
DA:80,7
DA:83,3
DA:85,1
DA:88,1
DA:89,1
DA:90,3
DA:91,3
DA:92,1
DA:95,1
LF:46
LH:29
end_of_record
SF:lib/qc/modules/data_wipe/resources/filter_title.dart
DA:5,1
LF:1
LH:1
end_of_record
SF:lib/src/modules/engineer/retreived_parts/utils/retrieved_parts_utils.dart
DA:8,1
DA:9,1
DA:10,2
DA:11,3
LF:4
LH:4
end_of_record
SF:lib/src/common/utils/parse_array.dart
DA:2,1
DA:3,1
DA:4,3
DA:5,3
LF:4
LH:4
end_of_record
SF:lib/qc/modules/data_wipe/resources/data_wipe_detail_response.dart
DA:12,1
DA:14,2
DA:16,1
DA:17,1
LF:4
LH:4
end_of_record
SF:lib/src/types/platforms.dart
DA:4,1
DA:6,1
DA:8,1
DA:10,1
LF:4
LH:4
end_of_record
SF:lib/qc/modules/stock_transfer/resources/storage_device_list_response.dart
DA:15,1
DA:17,2
DA:19,1
DA:20,1
LF:4
LH:4
end_of_record
SF:lib/qc/modules/data_wipe/resources/filter_value_type.dart
DA:9,1
DA:10,4
LF:2
LH:2
end_of_record
SF:lib/qc/modules/stock_transfer/resources/pending_lot_detail_response.dart
DA:38,1
DA:53,2
DA:55,1
DA:56,1
DA:82,1
DA:85,2
DA:87,2
LF:7
LH:7
end_of_record
SF:lib/qc/qc_common/video_tester/video_tester_screen.dart
DA:7,1
DA:9,0
DA:11,0
DA:12,0
DA:13,0
DA:15,0
DA:16,0
DA:18,0
DA:19,0
DA:20,0
DA:21,0
DA:22,0
LF:12
LH:1
end_of_record
SF:lib/qc/qc_common/video_tester/video_preview.dart
DA:12,0
DA:14,0
DA:15,0
DA:21,0
DA:23,0
DA:24,0
DA:27,0
DA:29,0
DA:30,0
DA:33,0
DA:34,0
DA:35,0
DA:36,0
DA:38,0
DA:41,0
DA:43,0
DA:44,0
DA:45,0
DA:46,0
DA:47,0
DA:49,0
DA:50,0
DA:52,0
DA:53,0
DA:54,0
DA:55,0
DA:57,0
DA:58,0
DA:64,0
DA:66,0
DA:68,0
DA:69,0
DA:70,0
DA:71,0
DA:72,0
DA:73,0
DA:74,0
DA:75,0
DA:76,0
DA:81,0
DA:82,0
DA:83,0
DA:84,0
DA:85,0
DA:87,0
DA:88,0
DA:89,0
DA:100,0
DA:103,0
DA:104,0
DA:105,0
LF:51
LH:0
end_of_record
SF:lib/src/common/resources/lot_list_request.dart
DA:16,1
DA:18,2
DA:20,2
DA:34,1
DA:40,2
DA:42,2
LF:6
LH:6
end_of_record
SF:lib/qc/modules/data_wipe/dialog/show_filter_dialog.dart
DA:7,1
DA:13,1
DA:15,1
DA:16,4
DA:17,1
DA:18,1
DA:19,1
DA:21,1
DA:23,1
DA:25,1
DA:26,0
DA:32,2
LF:12
LH:11
end_of_record
SF:lib/qc/modules/data_wipe/widgets/data_wipe_filter.dart
DA:15,2
DA:17,1
DA:19,1
DA:20,3
DA:22,1
DA:23,1
DA:24,1
DA:28,2
DA:29,0
DA:31,2
DA:40,1
DA:42,1
DA:43,1
DA:51,1
DA:52,2
DA:53,2
DA:54,0
DA:55,0
DA:60,1
DA:62,2
DA:63,2
DA:64,1
DA:67,0
DA:72,0
DA:73,0
DA:75,0
DA:76,0
DA:77,0
DA:78,0
DA:81,0
DA:82,0
DA:83,0
DA:90,1
DA:92,1
DA:93,1
DA:94,3
DA:95,0
DA:97,0
DA:98,0
DA:99,0
DA:100,0
DA:103,0
DA:104,0
DA:106,0
DA:107,0
DA:108,0
DA:109,0
DA:112,0
DA:114,0
DA:115,0
DA:116,0
DA:117,0
DA:119,0
DA:124,0
DA:126,0
DA:128,0
DA:129,0
DA:131,0
DA:132,0
DA:133,0
DA:134,0
DA:135,0
DA:136,0
DA:137,0
DA:138,0
DA:139,0
DA:140,0
DA:151,0
DA:154,0
DA:155,0
DA:157,0
DA:158,0
LF:72
LH:23
end_of_record
SF:lib/qc/modules/data_wipe/widgets/filter_value_multi_type.dart
DA:9,1
DA:11,1
DA:13,1
DA:14,3
DA:16,1
DA:17,0
DA:18,0
LF:7
LH:5
end_of_record
SF:lib/src/services/s3_details.dart
DA:5,1
DA:6,2
LF:2
LH:2
end_of_record
SF:lib/src/resources/models/s3_details_response.dart
DA:14,1
DA:20,2
DA:22,2
DA:40,1
DA:48,2
DA:50,2
LF:6
LH:6
end_of_record
SF:lib/src/services/sales_order_service.dart
DA:7,1
DA:9,1
DA:14,1
DA:19,1
DA:21,1
DA:22,2
DA:26,1
DA:28,1
LF:8
LH:8
end_of_record
SF:lib/src/modules/part_qc/widgets/reader_tab_widget.dart
DA:9,2
DA:11,0
DA:13,0
DA:14,0
DA:16,0
DA:17,0
DA:19,0
DA:20,0
DA:22,0
DA:23,0
DA:24,0
DA:25,0
DA:27,0
DA:28,0
DA:29,0
DA:30,0
DA:43,0
DA:44,0
DA:45,0
DA:46,0
DA:47,0
DA:52,0
DA:53,0
DA:54,0
LF:24
LH:1
end_of_record
SF:lib/qc/modules/qc_tester/audit/widgets/option_widget.dart
DA:10,0
DA:16,0
DA:18,0
DA:19,0
DA:23,0
DA:25,0
DA:26,0
DA:27,0
DA:28,0
DA:29,0
DA:30,0
DA:31,0
DA:32,0
DA:33,0
DA:37,0
DA:38,0
DA:39,0
DA:40,0
LF:18
LH:0
end_of_record
SF:lib/qc/modules/qc_tester/audit/widgets/upload_image_cards.dart
DA:20,0
DA:27,0
DA:29,0
DA:30,0
DA:39,0
DA:40,0
DA:42,0
DA:43,0
DA:44,0
DA:46,0
DA:47,0
DA:48,0
DA:49,0
DA:50,0
DA:51,0
DA:52,0
DA:56,0
DA:57,0
DA:58,0
DA:59,0
DA:61,0
DA:62,0
DA:63,0
DA:64,0
DA:66,0
DA:72,0
DA:74,0
DA:75,0
DA:78,0
DA:80,0
DA:81,0
DA:82,0
DA:83,0
DA:84,0
DA:86,0
DA:87,0
DA:88,0
DA:92,0
DA:93,0
DA:94,0
DA:96,0
DA:97,0
DA:99,0
DA:100,0
DA:101,0
DA:102,0
DA:103,0
DA:104,0
DA:107,0
DA:109,0
DA:112,0
DA:118,0
DA:121,0
DA:123,0
DA:125,0
DA:126,0
DA:129,0
DA:133,0
DA:134,0
DA:135,0
DA:136,0
DA:137,0
DA:138,0
LF:63
LH:0
end_of_record
SF:lib/qc/modules/qc_actions/widgets/video_time_stamp_screen.dart
DA:9,0
DA:11,0
DA:12,0
DA:18,0
DA:20,0
DA:21,0
DA:22,0
DA:23,0
DA:27,0
DA:29,0
DA:30,0
DA:33,0
DA:35,0
DA:36,0
DA:37,0
DA:39,0
DA:40,0
DA:41,0
DA:42,0
DA:43,0
DA:45,0
DA:47,0
DA:49,0
DA:50,0
LF:24
LH:0
end_of_record
SF:lib/qc/modules/data_wipe/widgets/filter_value_single_type.dart
DA:10,1
DA:12,1
DA:14,1
DA:15,1
DA:16,2
DA:17,1
DA:18,0
DA:19,0
LF:8
LH:6
end_of_record
SF:lib/src/utils/csh_exapansion_widget.dart
DA:7,1
DA:9,1
DA:10,1
DA:17,1
DA:19,1
DA:20,1
DA:21,1
DA:25,1
DA:26,2
DA:27,2
DA:28,1
DA:33,1
DA:34,2
DA:35,2
DA:37,2
DA:41,1
DA:43,1
DA:44,1
DA:47,1
DA:49,2
DA:50,1
DA:53,1
DA:55,4
LF:23
LH:23
end_of_record
SF:lib/main.dart
DA:13,0
DA:14,0
DA:15,0
DA:17,0
DA:19,0
DA:27,0
DA:28,0
DA:29,0
DA:31,0
DA:36,0
DA:38,0
DA:39,0
DA:40,0
LF:13
LH:0
end_of_record
SF:lib/src/analytics/firebase_analytics.dart
DA:10,0
DA:11,0
DA:12,0
DA:15,0
DA:19,0
DA:23,0
DA:27,0
DA:28,0
DA:29,0
DA:33,0
DA:35,0
DA:39,0
DA:44,0
DA:45,0
DA:48,0
DA:50,0
DA:51,0
DA:52,0
DA:54,0
DA:57,0
DA:61,0
DA:63,0
DA:64,0
DA:67,0
DA:69,0
DA:71,0
DA:72,0
DA:74,0
LF:28
LH:0
end_of_record
SF:lib/src/channel/channel.dart
DA:6,0
DA:7,0
DA:9,0
DA:11,0
DA:13,0
LF:5
LH:0
end_of_record
SF:lib/src/common/widgets/paginated_listview.dart
DA:19,0
DA:21,0
DA:22,0
DA:25,0
DA:26,0
DA:29,0
DA:30,0
DA:33,0
DA:34,0
DA:35,0
DA:39,0
DA:41,0
DA:42,0
DA:43,0
DA:47,0
DA:48,0
DA:49,0
DA:50,0
DA:53,0
DA:54,0
DA:55,0
DA:56,0
DA:57,0
DA:58,0
DA:66,0
DA:71,0
DA:72,0
DA:76,0
DA:78,0
DA:84,0
DA:85,0
DA:86,0
DA:88,0
DA:92,0
DA:93,0
DA:94,0
DA:95,0
DA:97,0
DA:99,0
DA:100,0
DA:104,0
DA:106,0
DA:107,0
DA:112,0
DA:118,0
DA:119,0
DA:120,0
DA:123,0
DA:124,0
DA:125,0
DA:126,0
DA:127,0
DA:129,0
DA:130,0
DA:131,0
DA:144,0
DA:145,0
LF:57
LH:0
end_of_record
SF:lib/src/modules/elss/common_resources/elss_action.dart
DA:13,0
DA:14,0
DA:15,0
LF:3
LH:0
end_of_record
SF:lib/src/modules/elss/elss_qc/widgets/channel_options_card_widget.dart
DA:12,0
DA:16,0
DA:18,0
DA:20,0
DA:21,0
DA:22,0
DA:23,0
DA:24,0
DA:25,0
DA:29,0
DA:32,0
DA:34,0
DA:36,0
DA:37,0
DA:40,0
DA:41,0
DA:42,0
DA:43,0
DA:44,0
DA:45,0
DA:46,0
DA:47,0
DA:48,0
DA:54,0
DA:55,0
DA:56,0
DA:57,0
DA:58,0
DA:59,0
DA:60,0
DA:61,0
DA:68,0
LF:32
LH:0
end_of_record
SF:lib/src/modules/elss/elss_qc/widgets/default_channel_widget.dart
DA:11,0
DA:15,0
DA:17,0
DA:19,0
DA:20,0
DA:21,0
DA:22,0
DA:23,0
DA:25,0
DA:26,0
DA:27,0
DA:29,0
DA:31,0
DA:32,0
DA:33,0
DA:34,0
DA:36,0
DA:38,0
DA:41,0
DA:44,0
DA:45,0
DA:48,0
DA:50,0
DA:53,0
DA:56,0
DA:58,0
DA:59,0
DA:60,0
DA:62,0
DA:63,0
DA:73,0
DA:74,0
DA:75,0
DA:76,0
DA:77,0
DA:78,0
DA:81,0
DA:82,0
DA:88,0
DA:89,0
DA:90,0
DA:91,0
DA:92,0
DA:93,0
DA:95,0
DA:97,0
LF:46
LH:0
end_of_record
SF:lib/src/modules/elss/elss_qc/widgets/discard_modal_widget.dart
DA:10,0
DA:14,0
DA:16,0
DA:18,0
DA:19,0
DA:20,0
DA:22,0
DA:24,0
DA:25,0
DA:28,0
DA:29,0
DA:30,0
DA:31,0
DA:33,0
DA:34,0
DA:35,0
DA:37,0
DA:46,0
DA:47,0
DA:48,0
DA:49,0
DA:50,0
DA:51,0
DA:58,0
DA:59,0
DA:60,0
DA:63,0
DA:64,0
LF:28
LH:0
end_of_record
SF:lib/src/modules/elss/elss_qc/widgets/elss_pna_modal_widget_qc.dart
DA:14,0
DA:20,0
DA:22,0
DA:24,0
DA:25,0
DA:27,0
DA:29,0
DA:31,0
DA:33,0
DA:34,0
DA:36,0
DA:37,0
DA:38,0
DA:42,0
DA:45,0
DA:47,0
DA:48,0
DA:49,0
DA:50,0
DA:51,0
DA:52,0
DA:55,0
DA:57,0
DA:58,0
DA:62,0
DA:65,0
DA:68,0
DA:70,0
DA:71,0
DA:74,0
DA:75,0
DA:77,0
DA:79,0
DA:80,0
DA:85,0
DA:86,0
DA:87,0
DA:89,0
DA:95,0
DA:96,0
DA:105,0
DA:106,0
LF:42
LH:0
end_of_record
SF:lib/src/modules/elss/elss_qc/widgets/initial_or_default_option_widget.dart
DA:11,0
DA:15,0
DA:17,0
DA:18,0
DA:22,0
DA:24,0
DA:25,0
DA:26,0
DA:27,0
DA:29,0
DA:30,0
DA:31,0
DA:33,0
DA:35,0
DA:36,0
DA:37,0
DA:38,0
DA:41,0
DA:44,0
DA:46,0
DA:47,0
DA:48,0
DA:49,0
DA:51,0
DA:53,0
DA:54,0
DA:55,0
DA:57,0
DA:58,0
DA:61,0
DA:62,0
DA:63,0
DA:64,0
DA:65,0
DA:66,0
DA:67,0
DA:76,0
DA:84,0
DA:87,0
DA:89,0
DA:90,0
DA:92,0
DA:93,0
DA:94,0
DA:96,0
DA:97,0
DA:106,0
DA:107,0
DA:108,0
DA:109,0
DA:110,0
DA:111,0
DA:113,0
DA:115,0
LF:54
LH:0
end_of_record
SF:lib/src/modules/inventory_manager/models/list_alternate_part_response.dart
DA:14,0
DA:20,0
DA:22,0
DA:32,0
DA:37,0
DA:39,0
LF:6
LH:0
end_of_record
SF:lib/src/modules/page_not_found.dart
DA:8,0
DA:10,0
LF:2
LH:0
end_of_record
SF:lib/src/resources/models/send_native_data.dart
DA:13,0
DA:15,0
DA:17,0
LF:3
LH:0
end_of_record
